{"/home/blackmagician/Documents/final/SquidChat-Server/app.js": {"path":"/home/blackmagician/Documents/final/SquidChat-Server/app.js","statementMap":{"0":{"start":{"line":1,"column":0},"end":{"line":1,"column":27}},"1":{"start":{"line":4,"column":16},"end":{"line":4,"column":34}},"2":{"start":{"line":5,"column":12},"end":{"line":5,"column":21}},"3":{"start":{"line":6,"column":13},"end":{"line":6,"column":40}},"4":{"start":{"line":7,"column":9},"end":{"line":7,"column":37}},"5":{"start":{"line":8,"column":13},"end":{"line":8,"column":17}},"6":{"start":{"line":9,"column":13},"end":{"line":9,"column":28}},"7":{"start":{"line":10,"column":16},"end":{"line":10,"column":35}},"8":{"start":{"line":12,"column":0},"end":{"line":12,"column":16}},"9":{"start":{"line":13,"column":0},"end":{"line":13,"column":24}},"10":{"start":{"line":14,"column":0},"end":{"line":14,"column":48}},"11":{"start":{"line":16,"column":0},"end":{"line":19,"column":3}},"12":{"start":{"line":17,"column":1},"end":{"line":17,"column":13}},"13":{"start":{"line":18,"column":1},"end":{"line":18,"column":8}},"14":{"start":{"line":21,"column":0},"end":{"line":21,"column":22}},"15":{"start":{"line":27,"column":0},"end":{"line":27,"column":20}}},"fnMap":{"0":{"name":"(anonymous_0)","decl":{"start":{"line":16,"column":8},"end":{"line":16,"column":9}},"loc":{"start":{"line":16,"column":34},"end":{"line":19,"column":1}},"line":16}},"branchMap":{},"s":{"0":2,"1":2,"2":2,"3":2,"4":2,"5":2,"6":2,"7":2,"8":2,"9":2,"10":2,"11":2,"12":48,"13":48,"14":2,"15":2},"f":{"0":48},"b":{},"_coverageSchema":"1a1c01bbd47fc00a2c39e90264f33305004495a9","hash":"de45d197dbe7172c8201d185363952b36c5da13c"}
,"/home/blackmagician/Documents/final/SquidChat-Server/config/index.js": {"path":"/home/blackmagician/Documents/final/SquidChat-Server/config/index.js","statementMap":{"0":{"start":{"line":1,"column":20},"end":{"line":1,"column":50}},"1":{"start":{"line":3,"column":12},"end":{"line":3,"column":39}},"2":{"start":{"line":4,"column":15},"end":{"line":4,"column":26}},"3":{"start":{"line":5,"column":15},"end":{"line":11,"column":1}},"4":{"start":{"line":13,"column":0},"end":{"line":15,"column":1}}},"fnMap":{},"branchMap":{},"s":{"0":2,"1":2,"2":2,"3":2,"4":2},"f":{},"b":{},"_coverageSchema":"1a1c01bbd47fc00a2c39e90264f33305004495a9","hash":"08b5cfdd7ee1ac56936b899b5720a124869902a2"}
,"/home/blackmagician/Documents/final/SquidChat-Server/controllers/customer.js": {"path":"/home/blackmagician/Documents/final/SquidChat-Server/controllers/customer.js","statementMap":{"0":{"start":{"line":1,"column":50},"end":{"line":1,"column":70}},"1":{"start":{"line":2,"column":68},"end":{"line":2,"column":89}},"2":{"start":{"line":6,"column":21},"end":{"line":6,"column":43}},"3":{"start":{"line":7,"column":21},"end":{"line":7,"column":23}},"4":{"start":{"line":8,"column":2},"end":{"line":10,"column":3}},"5":{"start":{"line":9,"column":3},"end":{"line":9,"column":43}},"6":{"start":{"line":11,"column":16},"end":{"line":11,"column":30}},"7":{"start":{"line":12,"column":2},"end":{"line":14,"column":3}},"8":{"start":{"line":13,"column":3},"end":{"line":13,"column":46}},"9":{"start":{"line":15,"column":19},"end":{"line":15,"column":36}},"10":{"start":{"line":16,"column":2},"end":{"line":38,"column":3}},"11":{"start":{"line":17,"column":3},"end":{"line":17,"column":77}},"12":{"start":{"line":19,"column":21},"end":{"line":19,"column":65}},"13":{"start":{"line":20,"column":3},"end":{"line":37,"column":4}},"14":{"start":{"line":21,"column":4},"end":{"line":21,"column":73}},"15":{"start":{"line":23,"column":4},"end":{"line":36,"column":5}},"16":{"start":{"line":24,"column":5},"end":{"line":24,"column":78}},"17":{"start":{"line":26,"column":17},"end":{"line":26,"column":41}},"18":{"start":{"line":27,"column":19},"end":{"line":27,"column":33}},"19":{"start":{"line":28,"column":5},"end":{"line":35,"column":8}},"20":{"start":{"line":41,"column":21},"end":{"line":41,"column":43}},"21":{"start":{"line":42,"column":21},"end":{"line":42,"column":23}},"22":{"start":{"line":43,"column":2},"end":{"line":45,"column":3}},"23":{"start":{"line":44,"column":3},"end":{"line":44,"column":42}},"24":{"start":{"line":46,"column":15},"end":{"line":46,"column":28}},"25":{"start":{"line":47,"column":2},"end":{"line":49,"column":3}},"26":{"start":{"line":48,"column":3},"end":{"line":48,"column":43}},"27":{"start":{"line":50,"column":16},"end":{"line":50,"column":30}},"28":{"start":{"line":51,"column":2},"end":{"line":53,"column":3}},"29":{"start":{"line":52,"column":3},"end":{"line":52,"column":46}},"30":{"start":{"line":54,"column":19},"end":{"line":54,"column":50}},"31":{"start":{"line":56,"column":2},"end":{"line":60,"column":3}},"32":{"start":{"line":57,"column":3},"end":{"line":57,"column":101}},"33":{"start":{"line":59,"column":3},"end":{"line":59,"column":34}},"34":{"start":{"line":61,"column":15},"end":{"line":61,"column":33}},"35":{"start":{"line":62,"column":19},"end":{"line":62,"column":36}},"36":{"start":{"line":63,"column":15},"end":{"line":63,"column":38}},"37":{"start":{"line":64,"column":16},"end":{"line":64,"column":18}},"38":{"start":{"line":65,"column":14},"end":{"line":72,"column":3}},"39":{"start":{"line":73,"column":2},"end":{"line":91,"column":3}},"40":{"start":{"line":74,"column":3},"end":{"line":74,"column":77}},"41":{"start":{"line":76,"column":21},"end":{"line":76,"column":64}},"42":{"start":{"line":77,"column":3},"end":{"line":90,"column":4}},"43":{"start":{"line":78,"column":4},"end":{"line":81,"column":7}},"44":{"start":{"line":83,"column":4},"end":{"line":89,"column":7}},"45":{"start":{"line":94,"column":21},"end":{"line":94,"column":43}},"46":{"start":{"line":95,"column":15},"end":{"line":95,"column":37}},"47":{"start":{"line":96,"column":21},"end":{"line":96,"column":23}},"48":{"start":{"line":97,"column":2},"end":{"line":99,"column":3}},"49":{"start":{"line":98,"column":3},"end":{"line":98,"column":42}},"50":{"start":{"line":100,"column":15},"end":{"line":100,"column":28}},"51":{"start":{"line":101,"column":2},"end":{"line":103,"column":3}},"52":{"start":{"line":102,"column":3},"end":{"line":102,"column":43}},"53":{"start":{"line":104,"column":16},"end":{"line":104,"column":30}},"54":{"start":{"line":105,"column":2},"end":{"line":107,"column":3}},"55":{"start":{"line":106,"column":3},"end":{"line":106,"column":46}},"56":{"start":{"line":108,"column":19},"end":{"line":108,"column":50}},"57":{"start":{"line":110,"column":2},"end":{"line":114,"column":3}},"58":{"start":{"line":111,"column":3},"end":{"line":111,"column":101}},"59":{"start":{"line":113,"column":3},"end":{"line":113,"column":34}},"60":{"start":{"line":115,"column":2},"end":{"line":138,"column":3}},"61":{"start":{"line":116,"column":3},"end":{"line":116,"column":77}},"62":{"start":{"line":118,"column":20},"end":{"line":118,"column":65}},"63":{"start":{"line":126,"column":3},"end":{"line":126,"column":24}},"64":{"start":{"line":127,"column":3},"end":{"line":127,"column":26}},"65":{"start":{"line":128,"column":3},"end":{"line":128,"column":32}},"66":{"start":{"line":129,"column":3},"end":{"line":129,"column":34}},"67":{"start":{"line":130,"column":3},"end":{"line":130,"column":58}},"68":{"start":{"line":131,"column":3},"end":{"line":137,"column":6}},"69":{"start":{"line":141,"column":21},"end":{"line":141,"column":43}},"70":{"start":{"line":142,"column":22},"end":{"line":142,"column":42}},"71":{"start":{"line":143,"column":15},"end":{"line":143,"column":37}},"72":{"start":{"line":144,"column":20},"end":{"line":144,"column":65}},"73":{"start":{"line":152,"column":18},"end":{"line":152,"column":56}},"74":{"start":{"line":153,"column":2},"end":{"line":160,"column":5}},"75":{"start":{"line":253,"column":0},"end":{"line":253,"column":36}}},"fnMap":{"0":{"name":"(anonymous_0)","decl":{"start":{"line":5,"column":1},"end":{"line":5,"column":2}},"loc":{"start":{"line":5,"column":36},"end":{"line":39,"column":2}},"line":5},"1":{"name":"(anonymous_1)","decl":{"start":{"line":40,"column":1},"end":{"line":40,"column":2}},"loc":{"start":{"line":40,"column":39},"end":{"line":92,"column":2}},"line":40},"2":{"name":"(anonymous_2)","decl":{"start":{"line":93,"column":1},"end":{"line":93,"column":2}},"loc":{"start":{"line":93,"column":44},"end":{"line":139,"column":2}},"line":93},"3":{"name":"(anonymous_3)","decl":{"start":{"line":140,"column":1},"end":{"line":140,"column":2}},"loc":{"start":{"line":140,"column":40},"end":{"line":161,"column":2}},"line":140}},"branchMap":{"0":{"loc":{"start":{"line":8,"column":2},"end":{"line":10,"column":3}},"type":"if","locations":[{"start":{"line":8,"column":2},"end":{"line":10,"column":3}},{"start":{"line":8,"column":2},"end":{"line":10,"column":3}}],"line":8},"1":{"loc":{"start":{"line":12,"column":2},"end":{"line":14,"column":3}},"type":"if","locations":[{"start":{"line":12,"column":2},"end":{"line":14,"column":3}},{"start":{"line":12,"column":2},"end":{"line":14,"column":3}}],"line":12},"2":{"loc":{"start":{"line":16,"column":2},"end":{"line":38,"column":3}},"type":"if","locations":[{"start":{"line":16,"column":2},"end":{"line":38,"column":3}},{"start":{"line":16,"column":2},"end":{"line":38,"column":3}}],"line":16},"3":{"loc":{"start":{"line":20,"column":3},"end":{"line":37,"column":4}},"type":"if","locations":[{"start":{"line":20,"column":3},"end":{"line":37,"column":4}},{"start":{"line":20,"column":3},"end":{"line":37,"column":4}}],"line":20},"4":{"loc":{"start":{"line":23,"column":4},"end":{"line":36,"column":5}},"type":"if","locations":[{"start":{"line":23,"column":4},"end":{"line":36,"column":5}},{"start":{"line":23,"column":4},"end":{"line":36,"column":5}}],"line":23},"5":{"loc":{"start":{"line":43,"column":2},"end":{"line":45,"column":3}},"type":"if","locations":[{"start":{"line":43,"column":2},"end":{"line":45,"column":3}},{"start":{"line":43,"column":2},"end":{"line":45,"column":3}}],"line":43},"6":{"loc":{"start":{"line":47,"column":2},"end":{"line":49,"column":3}},"type":"if","locations":[{"start":{"line":47,"column":2},"end":{"line":49,"column":3}},{"start":{"line":47,"column":2},"end":{"line":49,"column":3}}],"line":47},"7":{"loc":{"start":{"line":51,"column":2},"end":{"line":53,"column":3}},"type":"if","locations":[{"start":{"line":51,"column":2},"end":{"line":53,"column":3}},{"start":{"line":51,"column":2},"end":{"line":53,"column":3}}],"line":51},"8":{"loc":{"start":{"line":56,"column":2},"end":{"line":60,"column":3}},"type":"if","locations":[{"start":{"line":56,"column":2},"end":{"line":60,"column":3}},{"start":{"line":56,"column":2},"end":{"line":60,"column":3}}],"line":56},"9":{"loc":{"start":{"line":73,"column":2},"end":{"line":91,"column":3}},"type":"if","locations":[{"start":{"line":73,"column":2},"end":{"line":91,"column":3}},{"start":{"line":73,"column":2},"end":{"line":91,"column":3}}],"line":73},"10":{"loc":{"start":{"line":77,"column":3},"end":{"line":90,"column":4}},"type":"if","locations":[{"start":{"line":77,"column":3},"end":{"line":90,"column":4}},{"start":{"line":77,"column":3},"end":{"line":90,"column":4}}],"line":77},"11":{"loc":{"start":{"line":97,"column":2},"end":{"line":99,"column":3}},"type":"if","locations":[{"start":{"line":97,"column":2},"end":{"line":99,"column":3}},{"start":{"line":97,"column":2},"end":{"line":99,"column":3}}],"line":97},"12":{"loc":{"start":{"line":101,"column":2},"end":{"line":103,"column":3}},"type":"if","locations":[{"start":{"line":101,"column":2},"end":{"line":103,"column":3}},{"start":{"line":101,"column":2},"end":{"line":103,"column":3}}],"line":101},"13":{"loc":{"start":{"line":105,"column":2},"end":{"line":107,"column":3}},"type":"if","locations":[{"start":{"line":105,"column":2},"end":{"line":107,"column":3}},{"start":{"line":105,"column":2},"end":{"line":107,"column":3}}],"line":105},"14":{"loc":{"start":{"line":110,"column":2},"end":{"line":114,"column":3}},"type":"if","locations":[{"start":{"line":110,"column":2},"end":{"line":114,"column":3}},{"start":{"line":110,"column":2},"end":{"line":114,"column":3}}],"line":110},"15":{"loc":{"start":{"line":115,"column":2},"end":{"line":138,"column":3}},"type":"if","locations":[{"start":{"line":115,"column":2},"end":{"line":138,"column":3}},{"start":{"line":115,"column":2},"end":{"line":138,"column":3}}],"line":115}},"s":{"0":2,"1":2,"2":4,"3":4,"4":4,"5":1,"6":4,"7":4,"8":1,"9":4,"10":4,"11":1,"12":3,"13":3,"14":1,"15":2,"16":1,"17":1,"18":1,"19":1,"20":2,"21":2,"22":2,"23":1,"24":2,"25":2,"26":1,"27":2,"28":2,"29":1,"30":2,"31":2,"32":1,"33":1,"34":2,"35":2,"36":2,"37":2,"38":2,"39":2,"40":1,"41":1,"42":1,"43":0,"44":1,"45":2,"46":2,"47":2,"48":2,"49":1,"50":2,"51":2,"52":1,"53":2,"54":2,"55":1,"56":2,"57":2,"58":1,"59":1,"60":2,"61":1,"62":1,"63":1,"64":1,"65":1,"66":1,"67":1,"68":1,"69":1,"70":1,"71":1,"72":1,"73":1,"74":1,"75":2},"f":{"0":4,"1":2,"2":2,"3":1},"b":{"0":[1,3],"1":[1,3],"2":[1,3],"3":[1,2],"4":[1,1],"5":[1,1],"6":[1,1],"7":[1,1],"8":[1,1],"9":[1,1],"10":[0,1],"11":[1,1],"12":[1,1],"13":[1,1],"14":[1,1],"15":[1,1]},"_coverageSchema":"1a1c01bbd47fc00a2c39e90264f33305004495a9","hash":"669f1b8653964bd5934b035136b54e9155bc2c8d"}
,"/home/blackmagician/Documents/final/SquidChat-Server/controllers/index.js": {"path":"/home/blackmagician/Documents/final/SquidChat-Server/controllers/index.js","statementMap":{"0":{"start":{"line":1,"column":27},"end":{"line":1,"column":48}},"1":{"start":{"line":2,"column":25},"end":{"line":2,"column":44}},"2":{"start":{"line":3,"column":23},"end":{"line":3,"column":40}},"3":{"start":{"line":5,"column":0},"end":{"line":9,"column":1}}},"fnMap":{},"branchMap":{},"s":{"0":2,"1":2,"2":2,"3":2},"f":{},"b":{},"_coverageSchema":"1a1c01bbd47fc00a2c39e90264f33305004495a9","hash":"6b1f9b44d6f3bc41fb60ab1c4ba18cfa3460191a"}
,"/home/blackmagician/Documents/final/SquidChat-Server/controllers/seller.js": {"path":"/home/blackmagician/Documents/final/SquidChat-Server/controllers/seller.js","statementMap":{"0":{"start":{"line":1,"column":24},"end":{"line":1,"column":44}},"1":{"start":{"line":7,"column":4},"end":{"line":7,"column":25}},"2":{"start":{"line":8,"column":31},"end":{"line":8,"column":52}},"3":{"start":{"line":9,"column":18},"end":{"line":9,"column":31}},"4":{"start":{"line":10,"column":16},"end":{"line":10,"column":27}},"5":{"start":{"line":14,"column":21},"end":{"line":14,"column":41}},"6":{"start":{"line":15,"column":21},"end":{"line":15,"column":23}},"7":{"start":{"line":16,"column":2},"end":{"line":18,"column":3}},"8":{"start":{"line":17,"column":3},"end":{"line":17,"column":43}},"9":{"start":{"line":19,"column":16},"end":{"line":19,"column":30}},"10":{"start":{"line":20,"column":2},"end":{"line":22,"column":3}},"11":{"start":{"line":21,"column":3},"end":{"line":21,"column":46}},"12":{"start":{"line":23,"column":19},"end":{"line":23,"column":36}},"13":{"start":{"line":24,"column":2},"end":{"line":46,"column":3}},"14":{"start":{"line":25,"column":3},"end":{"line":25,"column":77}},"15":{"start":{"line":27,"column":21},"end":{"line":27,"column":63}},"16":{"start":{"line":28,"column":3},"end":{"line":45,"column":4}},"17":{"start":{"line":29,"column":4},"end":{"line":29,"column":73}},"18":{"start":{"line":31,"column":4},"end":{"line":44,"column":5}},"19":{"start":{"line":32,"column":5},"end":{"line":32,"column":78}},"20":{"start":{"line":34,"column":17},"end":{"line":34,"column":41}},"21":{"start":{"line":35,"column":19},"end":{"line":35,"column":33}},"22":{"start":{"line":36,"column":5},"end":{"line":43,"column":8}},"23":{"start":{"line":49,"column":21},"end":{"line":49,"column":41}},"24":{"start":{"line":50,"column":21},"end":{"line":50,"column":23}},"25":{"start":{"line":51,"column":2},"end":{"line":53,"column":3}},"26":{"start":{"line":52,"column":3},"end":{"line":52,"column":42}},"27":{"start":{"line":54,"column":15},"end":{"line":54,"column":28}},"28":{"start":{"line":55,"column":2},"end":{"line":57,"column":3}},"29":{"start":{"line":56,"column":3},"end":{"line":56,"column":43}},"30":{"start":{"line":58,"column":16},"end":{"line":58,"column":30}},"31":{"start":{"line":59,"column":2},"end":{"line":61,"column":3}},"32":{"start":{"line":60,"column":3},"end":{"line":60,"column":46}},"33":{"start":{"line":62,"column":19},"end":{"line":62,"column":50}},"34":{"start":{"line":64,"column":2},"end":{"line":68,"column":3}},"35":{"start":{"line":65,"column":3},"end":{"line":65,"column":101}},"36":{"start":{"line":67,"column":3},"end":{"line":67,"column":34}},"37":{"start":{"line":69,"column":2},"end":{"line":71,"column":3}},"38":{"start":{"line":70,"column":3},"end":{"line":70,"column":50}},"39":{"start":{"line":72,"column":23},"end":{"line":72,"column":44}},"40":{"start":{"line":73,"column":2},"end":{"line":75,"column":3}},"41":{"start":{"line":74,"column":3},"end":{"line":74,"column":55}},"42":{"start":{"line":76,"column":26},"end":{"line":76,"column":50}},"43":{"start":{"line":77,"column":15},"end":{"line":77,"column":33}},"44":{"start":{"line":78,"column":19},"end":{"line":78,"column":36}},"45":{"start":{"line":79,"column":15},"end":{"line":79,"column":38}},"46":{"start":{"line":80,"column":16},"end":{"line":80,"column":18}},"47":{"start":{"line":81,"column":22},"end":{"line":81,"column":24}},"48":{"start":{"line":82,"column":20},"end":{"line":82,"column":22}},"49":{"start":{"line":83,"column":14},"end":{"line":94,"column":3}},"50":{"start":{"line":95,"column":2},"end":{"line":113,"column":3}},"51":{"start":{"line":96,"column":3},"end":{"line":96,"column":77}},"52":{"start":{"line":98,"column":21},"end":{"line":98,"column":62}},"53":{"start":{"line":99,"column":3},"end":{"line":112,"column":4}},"54":{"start":{"line":100,"column":4},"end":{"line":103,"column":7}},"55":{"start":{"line":105,"column":4},"end":{"line":111,"column":7}},"56":{"start":{"line":116,"column":21},"end":{"line":116,"column":41}},"57":{"start":{"line":117,"column":15},"end":{"line":117,"column":35}},"58":{"start":{"line":118,"column":20},"end":{"line":118,"column":63}},"59":{"start":{"line":126,"column":2},"end":{"line":132,"column":5}},"60":{"start":{"line":135,"column":21},"end":{"line":135,"column":41}},"61":{"start":{"line":136,"column":15},"end":{"line":136,"column":35}},"62":{"start":{"line":137,"column":21},"end":{"line":137,"column":23}},"63":{"start":{"line":138,"column":2},"end":{"line":140,"column":3}},"64":{"start":{"line":139,"column":3},"end":{"line":139,"column":42}},"65":{"start":{"line":141,"column":15},"end":{"line":141,"column":28}},"66":{"start":{"line":142,"column":2},"end":{"line":144,"column":3}},"67":{"start":{"line":143,"column":3},"end":{"line":143,"column":43}},"68":{"start":{"line":145,"column":16},"end":{"line":145,"column":30}},"69":{"start":{"line":146,"column":2},"end":{"line":148,"column":3}},"70":{"start":{"line":147,"column":3},"end":{"line":147,"column":46}},"71":{"start":{"line":149,"column":19},"end":{"line":149,"column":50}},"72":{"start":{"line":151,"column":2},"end":{"line":155,"column":3}},"73":{"start":{"line":152,"column":3},"end":{"line":152,"column":101}},"74":{"start":{"line":154,"column":3},"end":{"line":154,"column":34}},"75":{"start":{"line":156,"column":2},"end":{"line":158,"column":3}},"76":{"start":{"line":157,"column":3},"end":{"line":157,"column":50}},"77":{"start":{"line":159,"column":23},"end":{"line":159,"column":44}},"78":{"start":{"line":160,"column":2},"end":{"line":162,"column":3}},"79":{"start":{"line":161,"column":3},"end":{"line":161,"column":55}},"80":{"start":{"line":163,"column":26},"end":{"line":163,"column":50}},"81":{"start":{"line":164,"column":2},"end":{"line":189,"column":3}},"82":{"start":{"line":165,"column":3},"end":{"line":165,"column":77}},"83":{"start":{"line":167,"column":18},"end":{"line":167,"column":61}},"84":{"start":{"line":175,"column":3},"end":{"line":175,"column":22}},"85":{"start":{"line":176,"column":3},"end":{"line":176,"column":24}},"86":{"start":{"line":177,"column":3},"end":{"line":177,"column":30}},"87":{"start":{"line":178,"column":3},"end":{"line":178,"column":32}},"88":{"start":{"line":179,"column":3},"end":{"line":179,"column":38}},"89":{"start":{"line":180,"column":3},"end":{"line":180,"column":44}},"90":{"start":{"line":181,"column":3},"end":{"line":181,"column":54}},"91":{"start":{"line":182,"column":3},"end":{"line":188,"column":6}},"92":{"start":{"line":259,"column":21},"end":{"line":259,"column":41}},"93":{"start":{"line":260,"column":15},"end":{"line":260,"column":35}},"94":{"start":{"line":261,"column":21},"end":{"line":261,"column":23}},"95":{"start":{"line":262,"column":13},"end":{"line":262,"column":36}},"96":{"start":{"line":263,"column":2},"end":{"line":265,"column":3}},"97":{"start":{"line":264,"column":3},"end":{"line":264,"column":48}},"98":{"start":{"line":266,"column":19},"end":{"line":266,"column":36}},"99":{"start":{"line":267,"column":20},"end":{"line":267,"column":48}},"100":{"start":{"line":268,"column":14},"end":{"line":268,"column":16}},"101":{"start":{"line":269,"column":2},"end":{"line":271,"column":5}},"102":{"start":{"line":270,"column":3},"end":{"line":270,"column":30}},"103":{"start":{"line":272,"column":2},"end":{"line":274,"column":3}},"104":{"start":{"line":273,"column":3},"end":{"line":273,"column":46}},"105":{"start":{"line":275,"column":17},"end":{"line":275,"column":32}},"106":{"start":{"line":276,"column":21},"end":{"line":276,"column":31}},"107":{"start":{"line":277,"column":14},"end":{"line":279,"column":3}},"108":{"start":{"line":280,"column":2},"end":{"line":311,"column":3}},"109":{"start":{"line":281,"column":3},"end":{"line":284,"column":6}},"110":{"start":{"line":287,"column":18},"end":{"line":287,"column":61}},"111":{"start":{"line":295,"column":3},"end":{"line":295,"column":33}},"112":{"start":{"line":296,"column":3},"end":{"line":296,"column":54}},"113":{"start":{"line":297,"column":3},"end":{"line":310,"column":6}},"114":{"start":{"line":314,"column":21},"end":{"line":314,"column":41}},"115":{"start":{"line":315,"column":15},"end":{"line":315,"column":35}},"116":{"start":{"line":316,"column":13},"end":{"line":316,"column":26}},"117":{"start":{"line":317,"column":21},"end":{"line":317,"column":23}},"118":{"start":{"line":318,"column":2},"end":{"line":320,"column":3}},"119":{"start":{"line":319,"column":3},"end":{"line":319,"column":48}},"120":{"start":{"line":321,"column":19},"end":{"line":321,"column":36}},"121":{"start":{"line":322,"column":20},"end":{"line":322,"column":48}},"122":{"start":{"line":323,"column":14},"end":{"line":323,"column":16}},"123":{"start":{"line":324,"column":2},"end":{"line":326,"column":5}},"124":{"start":{"line":325,"column":3},"end":{"line":325,"column":30}},"125":{"start":{"line":327,"column":2},"end":{"line":329,"column":3}},"126":{"start":{"line":328,"column":3},"end":{"line":328,"column":46}},"127":{"start":{"line":330,"column":17},"end":{"line":330,"column":32}},"128":{"start":{"line":331,"column":2},"end":{"line":365,"column":3}},"129":{"start":{"line":332,"column":3},"end":{"line":335,"column":6}},"130":{"start":{"line":337,"column":18},"end":{"line":337,"column":61}},"131":{"start":{"line":345,"column":3},"end":{"line":351,"column":6}},"132":{"start":{"line":346,"column":4},"end":{"line":350,"column":5}},"133":{"start":{"line":347,"column":5},"end":{"line":347,"column":28}},"134":{"start":{"line":348,"column":5},"end":{"line":348,"column":24}},"135":{"start":{"line":349,"column":5},"end":{"line":349,"column":18}},"136":{"start":{"line":352,"column":3},"end":{"line":352,"column":54}},"137":{"start":{"line":353,"column":3},"end":{"line":364,"column":6}},"138":{"start":{"line":368,"column":21},"end":{"line":368,"column":41}},"139":{"start":{"line":369,"column":15},"end":{"line":369,"column":35}},"140":{"start":{"line":370,"column":13},"end":{"line":370,"column":26}},"141":{"start":{"line":371,"column":17},"end":{"line":371,"column":60}},"142":{"start":{"line":379,"column":21},"end":{"line":379,"column":23}},"143":{"start":{"line":380,"column":2},"end":{"line":384,"column":5}},"144":{"start":{"line":381,"column":3},"end":{"line":383,"column":4}},"145":{"start":{"line":382,"column":4},"end":{"line":382,"column":24}},"146":{"start":{"line":385,"column":2},"end":{"line":385,"column":32}},"147":{"start":{"line":386,"column":2},"end":{"line":386,"column":53}},"148":{"start":{"line":387,"column":2},"end":{"line":390,"column":5}},"149":{"start":{"line":393,"column":21},"end":{"line":393,"column":41}},"150":{"start":{"line":394,"column":15},"end":{"line":394,"column":35}},"151":{"start":{"line":395,"column":13},"end":{"line":395,"column":39}},"152":{"start":{"line":396,"column":2},"end":{"line":429,"column":3}},"153":{"start":{"line":397,"column":3},"end":{"line":397,"column":38}},"154":{"start":{"line":398,"column":3},"end":{"line":401,"column":6}},"155":{"start":{"line":403,"column":27},"end":{"line":403,"column":51}},"156":{"start":{"line":404,"column":18},"end":{"line":404,"column":20}},"157":{"start":{"line":405,"column":22},"end":{"line":405,"column":32}},"158":{"start":{"line":406,"column":15},"end":{"line":411,"column":4}},"159":{"start":{"line":412,"column":18},"end":{"line":412,"column":61}},"160":{"start":{"line":420,"column":3},"end":{"line":420,"column":32}},"161":{"start":{"line":421,"column":3},"end":{"line":421,"column":54}},"162":{"start":{"line":422,"column":3},"end":{"line":428,"column":6}},"163":{"start":{"line":432,"column":21},"end":{"line":432,"column":41}},"164":{"start":{"line":433,"column":15},"end":{"line":433,"column":35}},"165":{"start":{"line":434,"column":13},"end":{"line":434,"column":26}},"166":{"start":{"line":435,"column":2},"end":{"line":465,"column":3}},"167":{"start":{"line":436,"column":3},"end":{"line":439,"column":6}},"168":{"start":{"line":441,"column":27},"end":{"line":441,"column":51}},"169":{"start":{"line":442,"column":18},"end":{"line":442,"column":61}},"170":{"start":{"line":451,"column":3},"end":{"line":456,"column":6}},"171":{"start":{"line":452,"column":4},"end":{"line":455,"column":5}},"172":{"start":{"line":453,"column":5},"end":{"line":453,"column":25}},"173":{"start":{"line":454,"column":5},"end":{"line":454,"column":41}},"174":{"start":{"line":457,"column":3},"end":{"line":457,"column":54}},"175":{"start":{"line":458,"column":3},"end":{"line":464,"column":6}},"176":{"start":{"line":468,"column":21},"end":{"line":468,"column":41}},"177":{"start":{"line":469,"column":15},"end":{"line":469,"column":35}},"178":{"start":{"line":470,"column":13},"end":{"line":470,"column":26}},"179":{"start":{"line":471,"column":17},"end":{"line":471,"column":60}},"180":{"start":{"line":479,"column":26},"end":{"line":479,"column":28}},"181":{"start":{"line":480,"column":2},"end":{"line":484,"column":5}},"182":{"start":{"line":481,"column":3},"end":{"line":483,"column":4}},"183":{"start":{"line":482,"column":4},"end":{"line":482,"column":29}},"184":{"start":{"line":485,"column":2},"end":{"line":485,"column":39}},"185":{"start":{"line":486,"column":2},"end":{"line":486,"column":53}},"186":{"start":{"line":487,"column":2},"end":{"line":490,"column":5}},"187":{"start":{"line":493,"column":21},"end":{"line":493,"column":41}},"188":{"start":{"line":494,"column":15},"end":{"line":494,"column":35}},"189":{"start":{"line":495,"column":24},"end":{"line":495,"column":48}},"190":{"start":{"line":496,"column":13},"end":{"line":496,"column":34}},"191":{"start":{"line":497,"column":21},"end":{"line":497,"column":40}},"192":{"start":{"line":498,"column":16},"end":{"line":498,"column":30}},"193":{"start":{"line":499,"column":14},"end":{"line":503,"column":3}},"194":{"start":{"line":504,"column":17},"end":{"line":504,"column":60}},"195":{"start":{"line":512,"column":13},"end":{"line":512,"column":18}},"196":{"start":{"line":513,"column":2},"end":{"line":518,"column":5}},"197":{"start":{"line":514,"column":3},"end":{"line":517,"column":4}},"198":{"start":{"line":515,"column":4},"end":{"line":515,"column":24}},"199":{"start":{"line":516,"column":4},"end":{"line":516,"column":16}},"200":{"start":{"line":519,"column":2},"end":{"line":533,"column":3}},"201":{"start":{"line":520,"column":3},"end":{"line":523,"column":6}},"202":{"start":{"line":525,"column":3},"end":{"line":525,"column":54}},"203":{"start":{"line":526,"column":3},"end":{"line":532,"column":6}},"204":{"start":{"line":536,"column":21},"end":{"line":536,"column":41}},"205":{"start":{"line":537,"column":15},"end":{"line":537,"column":35}},"206":{"start":{"line":538,"column":24},"end":{"line":538,"column":48}},"207":{"start":{"line":539,"column":19},"end":{"line":539,"column":38}},"208":{"start":{"line":540,"column":21},"end":{"line":540,"column":40}},"209":{"start":{"line":541,"column":16},"end":{"line":541,"column":30}},"210":{"start":{"line":542,"column":17},"end":{"line":542,"column":60}},"211":{"start":{"line":550,"column":13},"end":{"line":550,"column":18}},"212":{"start":{"line":552,"column":2},"end":{"line":563,"column":5}},"213":{"start":{"line":553,"column":3},"end":{"line":562,"column":4}},"214":{"start":{"line":554,"column":4},"end":{"line":561,"column":7}},"215":{"start":{"line":555,"column":5},"end":{"line":560,"column":6}},"216":{"start":{"line":556,"column":6},"end":{"line":556,"column":22}},"217":{"start":{"line":557,"column":6},"end":{"line":557,"column":34}},"218":{"start":{"line":558,"column":6},"end":{"line":558,"column":24}},"219":{"start":{"line":559,"column":6},"end":{"line":559,"column":18}},"220":{"start":{"line":564,"column":2},"end":{"line":578,"column":3}},"221":{"start":{"line":565,"column":3},"end":{"line":568,"column":6}},"222":{"start":{"line":570,"column":3},"end":{"line":570,"column":54}},"223":{"start":{"line":571,"column":3},"end":{"line":577,"column":6}},"224":{"start":{"line":581,"column":21},"end":{"line":581,"column":41}},"225":{"start":{"line":582,"column":15},"end":{"line":582,"column":35}},"226":{"start":{"line":583,"column":24},"end":{"line":583,"column":48}},"227":{"start":{"line":584,"column":19},"end":{"line":584,"column":38}},"228":{"start":{"line":585,"column":17},"end":{"line":585,"column":60}},"229":{"start":{"line":593,"column":20},"end":{"line":593,"column":22}},"230":{"start":{"line":595,"column":2},"end":{"line":604,"column":5}},"231":{"start":{"line":596,"column":3},"end":{"line":603,"column":4}},"232":{"start":{"line":597,"column":4},"end":{"line":597,"column":14}},"233":{"start":{"line":598,"column":4},"end":{"line":602,"column":7}},"234":{"start":{"line":599,"column":5},"end":{"line":601,"column":6}},"235":{"start":{"line":600,"column":6},"end":{"line":600,"column":26}},"236":{"start":{"line":605,"column":2},"end":{"line":617,"column":3}},"237":{"start":{"line":606,"column":3},"end":{"line":609,"column":6}},"238":{"start":{"line":611,"column":3},"end":{"line":611,"column":48}},"239":{"start":{"line":612,"column":3},"end":{"line":612,"column":54}},"240":{"start":{"line":613,"column":3},"end":{"line":616,"column":6}},"241":{"start":{"line":621,"column":0},"end":{"line":621,"column":34}}},"fnMap":{"0":{"name":"(anonymous_0)","decl":{"start":{"line":13,"column":1},"end":{"line":13,"column":2}},"loc":{"start":{"line":13,"column":36},"end":{"line":47,"column":2}},"line":13},"1":{"name":"(anonymous_1)","decl":{"start":{"line":48,"column":1},"end":{"line":48,"column":2}},"loc":{"start":{"line":48,"column":39},"end":{"line":114,"column":2}},"line":48},"2":{"name":"(anonymous_2)","decl":{"start":{"line":115,"column":1},"end":{"line":115,"column":2}},"loc":{"start":{"line":115,"column":40},"end":{"line":133,"column":2}},"line":115},"3":{"name":"(anonymous_3)","decl":{"start":{"line":134,"column":1},"end":{"line":134,"column":2}},"loc":{"start":{"line":134,"column":44},"end":{"line":190,"column":2}},"line":134},"4":{"name":"(anonymous_4)","decl":{"start":{"line":258,"column":1},"end":{"line":258,"column":2}},"loc":{"start":{"line":258,"column":44},"end":{"line":312,"column":2}},"line":258},"5":{"name":"(anonymous_5)","decl":{"start":{"line":269,"column":20},"end":{"line":269,"column":21}},"loc":{"start":{"line":269,"column":26},"end":{"line":271,"column":3}},"line":269},"6":{"name":"(anonymous_6)","decl":{"start":{"line":313,"column":1},"end":{"line":313,"column":2}},"loc":{"start":{"line":313,"column":44},"end":{"line":366,"column":2}},"line":313},"7":{"name":"(anonymous_7)","decl":{"start":{"line":324,"column":20},"end":{"line":324,"column":21}},"loc":{"start":{"line":324,"column":26},"end":{"line":326,"column":3}},"line":324},"8":{"name":"(anonymous_8)","decl":{"start":{"line":345,"column":28},"end":{"line":345,"column":29}},"loc":{"start":{"line":345,"column":34},"end":{"line":351,"column":4}},"line":345},"9":{"name":"(anonymous_9)","decl":{"start":{"line":367,"column":1},"end":{"line":367,"column":2}},"loc":{"start":{"line":367,"column":45},"end":{"line":391,"column":2}},"line":367},"10":{"name":"(anonymous_10)","decl":{"start":{"line":380,"column":27},"end":{"line":380,"column":28}},"loc":{"start":{"line":380,"column":33},"end":{"line":384,"column":3}},"line":380},"11":{"name":"(anonymous_11)","decl":{"start":{"line":392,"column":1},"end":{"line":392,"column":2}},"loc":{"start":{"line":392,"column":47},"end":{"line":430,"column":2}},"line":392},"12":{"name":"(anonymous_12)","decl":{"start":{"line":431,"column":1},"end":{"line":431,"column":2}},"loc":{"start":{"line":431,"column":47},"end":{"line":466,"column":2}},"line":431},"13":{"name":"(anonymous_13)","decl":{"start":{"line":451,"column":30},"end":{"line":451,"column":31}},"loc":{"start":{"line":451,"column":36},"end":{"line":456,"column":4}},"line":451},"14":{"name":"(anonymous_14)","decl":{"start":{"line":467,"column":1},"end":{"line":467,"column":2}},"loc":{"start":{"line":467,"column":48},"end":{"line":491,"column":2}},"line":467},"15":{"name":"(anonymous_15)","decl":{"start":{"line":480,"column":29},"end":{"line":480,"column":30}},"loc":{"start":{"line":480,"column":35},"end":{"line":484,"column":3}},"line":480},"16":{"name":"(anonymous_16)","decl":{"start":{"line":492,"column":1},"end":{"line":492,"column":2}},"loc":{"start":{"line":492,"column":42},"end":{"line":534,"column":2}},"line":492},"17":{"name":"(anonymous_17)","decl":{"start":{"line":513,"column":29},"end":{"line":513,"column":30}},"loc":{"start":{"line":513,"column":35},"end":{"line":518,"column":3}},"line":513},"18":{"name":"(anonymous_18)","decl":{"start":{"line":535,"column":1},"end":{"line":535,"column":2}},"loc":{"start":{"line":535,"column":42},"end":{"line":579,"column":2}},"line":535},"19":{"name":"(anonymous_19)","decl":{"start":{"line":552,"column":29},"end":{"line":552,"column":30}},"loc":{"start":{"line":552,"column":35},"end":{"line":563,"column":3}},"line":552},"20":{"name":"(anonymous_20)","decl":{"start":{"line":554,"column":22},"end":{"line":554,"column":23}},"loc":{"start":{"line":554,"column":29},"end":{"line":561,"column":5}},"line":554},"21":{"name":"(anonymous_21)","decl":{"start":{"line":580,"column":1},"end":{"line":580,"column":2}},"loc":{"start":{"line":580,"column":43},"end":{"line":618,"column":2}},"line":580},"22":{"name":"(anonymous_22)","decl":{"start":{"line":595,"column":29},"end":{"line":595,"column":30}},"loc":{"start":{"line":595,"column":40},"end":{"line":604,"column":3}},"line":595},"23":{"name":"(anonymous_23)","decl":{"start":{"line":598,"column":22},"end":{"line":598,"column":23}},"loc":{"start":{"line":598,"column":29},"end":{"line":602,"column":5}},"line":598}},"branchMap":{"0":{"loc":{"start":{"line":16,"column":2},"end":{"line":18,"column":3}},"type":"if","locations":[{"start":{"line":16,"column":2},"end":{"line":18,"column":3}},{"start":{"line":16,"column":2},"end":{"line":18,"column":3}}],"line":16},"1":{"loc":{"start":{"line":20,"column":2},"end":{"line":22,"column":3}},"type":"if","locations":[{"start":{"line":20,"column":2},"end":{"line":22,"column":3}},{"start":{"line":20,"column":2},"end":{"line":22,"column":3}}],"line":20},"2":{"loc":{"start":{"line":24,"column":2},"end":{"line":46,"column":3}},"type":"if","locations":[{"start":{"line":24,"column":2},"end":{"line":46,"column":3}},{"start":{"line":24,"column":2},"end":{"line":46,"column":3}}],"line":24},"3":{"loc":{"start":{"line":28,"column":3},"end":{"line":45,"column":4}},"type":"if","locations":[{"start":{"line":28,"column":3},"end":{"line":45,"column":4}},{"start":{"line":28,"column":3},"end":{"line":45,"column":4}}],"line":28},"4":{"loc":{"start":{"line":31,"column":4},"end":{"line":44,"column":5}},"type":"if","locations":[{"start":{"line":31,"column":4},"end":{"line":44,"column":5}},{"start":{"line":31,"column":4},"end":{"line":44,"column":5}}],"line":31},"5":{"loc":{"start":{"line":51,"column":2},"end":{"line":53,"column":3}},"type":"if","locations":[{"start":{"line":51,"column":2},"end":{"line":53,"column":3}},{"start":{"line":51,"column":2},"end":{"line":53,"column":3}}],"line":51},"6":{"loc":{"start":{"line":55,"column":2},"end":{"line":57,"column":3}},"type":"if","locations":[{"start":{"line":55,"column":2},"end":{"line":57,"column":3}},{"start":{"line":55,"column":2},"end":{"line":57,"column":3}}],"line":55},"7":{"loc":{"start":{"line":59,"column":2},"end":{"line":61,"column":3}},"type":"if","locations":[{"start":{"line":59,"column":2},"end":{"line":61,"column":3}},{"start":{"line":59,"column":2},"end":{"line":61,"column":3}}],"line":59},"8":{"loc":{"start":{"line":64,"column":2},"end":{"line":68,"column":3}},"type":"if","locations":[{"start":{"line":64,"column":2},"end":{"line":68,"column":3}},{"start":{"line":64,"column":2},"end":{"line":68,"column":3}}],"line":64},"9":{"loc":{"start":{"line":69,"column":2},"end":{"line":71,"column":3}},"type":"if","locations":[{"start":{"line":69,"column":2},"end":{"line":71,"column":3}},{"start":{"line":69,"column":2},"end":{"line":71,"column":3}}],"line":69},"10":{"loc":{"start":{"line":73,"column":2},"end":{"line":75,"column":3}},"type":"if","locations":[{"start":{"line":73,"column":2},"end":{"line":75,"column":3}},{"start":{"line":73,"column":2},"end":{"line":75,"column":3}}],"line":73},"11":{"loc":{"start":{"line":95,"column":2},"end":{"line":113,"column":3}},"type":"if","locations":[{"start":{"line":95,"column":2},"end":{"line":113,"column":3}},{"start":{"line":95,"column":2},"end":{"line":113,"column":3}}],"line":95},"12":{"loc":{"start":{"line":99,"column":3},"end":{"line":112,"column":4}},"type":"if","locations":[{"start":{"line":99,"column":3},"end":{"line":112,"column":4}},{"start":{"line":99,"column":3},"end":{"line":112,"column":4}}],"line":99},"13":{"loc":{"start":{"line":138,"column":2},"end":{"line":140,"column":3}},"type":"if","locations":[{"start":{"line":138,"column":2},"end":{"line":140,"column":3}},{"start":{"line":138,"column":2},"end":{"line":140,"column":3}}],"line":138},"14":{"loc":{"start":{"line":142,"column":2},"end":{"line":144,"column":3}},"type":"if","locations":[{"start":{"line":142,"column":2},"end":{"line":144,"column":3}},{"start":{"line":142,"column":2},"end":{"line":144,"column":3}}],"line":142},"15":{"loc":{"start":{"line":146,"column":2},"end":{"line":148,"column":3}},"type":"if","locations":[{"start":{"line":146,"column":2},"end":{"line":148,"column":3}},{"start":{"line":146,"column":2},"end":{"line":148,"column":3}}],"line":146},"16":{"loc":{"start":{"line":151,"column":2},"end":{"line":155,"column":3}},"type":"if","locations":[{"start":{"line":151,"column":2},"end":{"line":155,"column":3}},{"start":{"line":151,"column":2},"end":{"line":155,"column":3}}],"line":151},"17":{"loc":{"start":{"line":156,"column":2},"end":{"line":158,"column":3}},"type":"if","locations":[{"start":{"line":156,"column":2},"end":{"line":158,"column":3}},{"start":{"line":156,"column":2},"end":{"line":158,"column":3}}],"line":156},"18":{"loc":{"start":{"line":160,"column":2},"end":{"line":162,"column":3}},"type":"if","locations":[{"start":{"line":160,"column":2},"end":{"line":162,"column":3}},{"start":{"line":160,"column":2},"end":{"line":162,"column":3}}],"line":160},"19":{"loc":{"start":{"line":164,"column":2},"end":{"line":189,"column":3}},"type":"if","locations":[{"start":{"line":164,"column":2},"end":{"line":189,"column":3}},{"start":{"line":164,"column":2},"end":{"line":189,"column":3}}],"line":164},"20":{"loc":{"start":{"line":263,"column":2},"end":{"line":265,"column":3}},"type":"if","locations":[{"start":{"line":263,"column":2},"end":{"line":265,"column":3}},{"start":{"line":263,"column":2},"end":{"line":265,"column":3}}],"line":263},"21":{"loc":{"start":{"line":263,"column":6},"end":{"line":263,"column":52}},"type":"binary-expr","locations":[{"start":{"line":263,"column":6},"end":{"line":263,"column":24}},{"start":{"line":263,"column":28},"end":{"line":263,"column":52}}],"line":263},"22":{"loc":{"start":{"line":272,"column":2},"end":{"line":274,"column":3}},"type":"if","locations":[{"start":{"line":272,"column":2},"end":{"line":274,"column":3}},{"start":{"line":272,"column":2},"end":{"line":274,"column":3}}],"line":272},"23":{"loc":{"start":{"line":272,"column":6},"end":{"line":272,"column":48}},"type":"binary-expr","locations":[{"start":{"line":272,"column":6},"end":{"line":272,"column":22}},{"start":{"line":272,"column":26},"end":{"line":272,"column":48}}],"line":272},"24":{"loc":{"start":{"line":280,"column":2},"end":{"line":311,"column":3}},"type":"if","locations":[{"start":{"line":280,"column":2},"end":{"line":311,"column":3}},{"start":{"line":280,"column":2},"end":{"line":311,"column":3}}],"line":280},"25":{"loc":{"start":{"line":318,"column":2},"end":{"line":320,"column":3}},"type":"if","locations":[{"start":{"line":318,"column":2},"end":{"line":320,"column":3}},{"start":{"line":318,"column":2},"end":{"line":320,"column":3}}],"line":318},"26":{"loc":{"start":{"line":318,"column":6},"end":{"line":318,"column":52}},"type":"binary-expr","locations":[{"start":{"line":318,"column":6},"end":{"line":318,"column":24}},{"start":{"line":318,"column":28},"end":{"line":318,"column":52}}],"line":318},"27":{"loc":{"start":{"line":327,"column":2},"end":{"line":329,"column":3}},"type":"if","locations":[{"start":{"line":327,"column":2},"end":{"line":329,"column":3}},{"start":{"line":327,"column":2},"end":{"line":329,"column":3}}],"line":327},"28":{"loc":{"start":{"line":327,"column":6},"end":{"line":327,"column":48}},"type":"binary-expr","locations":[{"start":{"line":327,"column":6},"end":{"line":327,"column":22}},{"start":{"line":327,"column":26},"end":{"line":327,"column":48}}],"line":327},"29":{"loc":{"start":{"line":331,"column":2},"end":{"line":365,"column":3}},"type":"if","locations":[{"start":{"line":331,"column":2},"end":{"line":365,"column":3}},{"start":{"line":331,"column":2},"end":{"line":365,"column":3}}],"line":331},"30":{"loc":{"start":{"line":346,"column":4},"end":{"line":350,"column":5}},"type":"if","locations":[{"start":{"line":346,"column":4},"end":{"line":350,"column":5}},{"start":{"line":346,"column":4},"end":{"line":350,"column":5}}],"line":346},"31":{"loc":{"start":{"line":381,"column":3},"end":{"line":383,"column":4}},"type":"if","locations":[{"start":{"line":381,"column":3},"end":{"line":383,"column":4}},{"start":{"line":381,"column":3},"end":{"line":383,"column":4}}],"line":381},"32":{"loc":{"start":{"line":396,"column":2},"end":{"line":429,"column":3}},"type":"if","locations":[{"start":{"line":396,"column":2},"end":{"line":429,"column":3}},{"start":{"line":396,"column":2},"end":{"line":429,"column":3}}],"line":396},"33":{"loc":{"start":{"line":396,"column":6},"end":{"line":396,"column":66}},"type":"binary-expr","locations":[{"start":{"line":396,"column":6},"end":{"line":396,"column":37}},{"start":{"line":396,"column":41},"end":{"line":396,"column":66}}],"line":396},"34":{"loc":{"start":{"line":435,"column":2},"end":{"line":465,"column":3}},"type":"if","locations":[{"start":{"line":435,"column":2},"end":{"line":465,"column":3}},{"start":{"line":435,"column":2},"end":{"line":465,"column":3}}],"line":435},"35":{"loc":{"start":{"line":435,"column":6},"end":{"line":435,"column":66}},"type":"binary-expr","locations":[{"start":{"line":435,"column":6},"end":{"line":435,"column":37}},{"start":{"line":435,"column":41},"end":{"line":435,"column":66}}],"line":435},"36":{"loc":{"start":{"line":452,"column":4},"end":{"line":455,"column":5}},"type":"if","locations":[{"start":{"line":452,"column":4},"end":{"line":455,"column":5}},{"start":{"line":452,"column":4},"end":{"line":455,"column":5}}],"line":452},"37":{"loc":{"start":{"line":481,"column":3},"end":{"line":483,"column":4}},"type":"if","locations":[{"start":{"line":481,"column":3},"end":{"line":483,"column":4}},{"start":{"line":481,"column":3},"end":{"line":483,"column":4}}],"line":481},"38":{"loc":{"start":{"line":514,"column":3},"end":{"line":517,"column":4}},"type":"if","locations":[{"start":{"line":514,"column":3},"end":{"line":517,"column":4}},{"start":{"line":514,"column":3},"end":{"line":517,"column":4}}],"line":514},"39":{"loc":{"start":{"line":519,"column":2},"end":{"line":533,"column":3}},"type":"if","locations":[{"start":{"line":519,"column":2},"end":{"line":533,"column":3}},{"start":{"line":519,"column":2},"end":{"line":533,"column":3}}],"line":519},"40":{"loc":{"start":{"line":553,"column":3},"end":{"line":562,"column":4}},"type":"if","locations":[{"start":{"line":553,"column":3},"end":{"line":562,"column":4}},{"start":{"line":553,"column":3},"end":{"line":562,"column":4}}],"line":553},"41":{"loc":{"start":{"line":555,"column":5},"end":{"line":560,"column":6}},"type":"if","locations":[{"start":{"line":555,"column":5},"end":{"line":560,"column":6}},{"start":{"line":555,"column":5},"end":{"line":560,"column":6}}],"line":555},"42":{"loc":{"start":{"line":564,"column":2},"end":{"line":578,"column":3}},"type":"if","locations":[{"start":{"line":564,"column":2},"end":{"line":578,"column":3}},{"start":{"line":564,"column":2},"end":{"line":578,"column":3}}],"line":564},"43":{"loc":{"start":{"line":596,"column":3},"end":{"line":603,"column":4}},"type":"if","locations":[{"start":{"line":596,"column":3},"end":{"line":603,"column":4}},{"start":{"line":596,"column":3},"end":{"line":603,"column":4}}],"line":596},"44":{"loc":{"start":{"line":599,"column":5},"end":{"line":601,"column":6}},"type":"if","locations":[{"start":{"line":599,"column":5},"end":{"line":601,"column":6}},{"start":{"line":599,"column":5},"end":{"line":601,"column":6}}],"line":599},"45":{"loc":{"start":{"line":605,"column":2},"end":{"line":617,"column":3}},"type":"if","locations":[{"start":{"line":605,"column":2},"end":{"line":617,"column":3}},{"start":{"line":605,"column":2},"end":{"line":617,"column":3}}],"line":605}},"s":{"0":2,"1":2,"2":2,"3":2,"4":2,"5":4,"6":4,"7":4,"8":1,"9":4,"10":4,"11":1,"12":4,"13":4,"14":1,"15":3,"16":3,"17":1,"18":2,"19":1,"20":1,"21":1,"22":1,"23":3,"24":3,"25":3,"26":1,"27":3,"28":3,"29":1,"30":3,"31":3,"32":1,"33":3,"34":3,"35":2,"36":1,"37":3,"38":1,"39":3,"40":3,"41":1,"42":3,"43":3,"44":3,"45":3,"46":3,"47":3,"48":3,"49":3,"50":3,"51":1,"52":2,"53":2,"54":0,"55":2,"56":1,"57":1,"58":1,"59":1,"60":2,"61":2,"62":2,"63":2,"64":1,"65":2,"66":2,"67":1,"68":2,"69":2,"70":1,"71":2,"72":2,"73":1,"74":1,"75":2,"76":1,"77":2,"78":2,"79":1,"80":2,"81":2,"82":1,"83":1,"84":1,"85":1,"86":1,"87":1,"88":1,"89":1,"90":1,"91":1,"92":4,"93":4,"94":4,"95":4,"96":4,"97":2,"98":4,"99":4,"100":4,"101":4,"102":8,"103":4,"104":2,"105":4,"106":4,"107":4,"108":4,"109":3,"110":1,"111":1,"112":1,"113":1,"114":4,"115":4,"116":4,"117":4,"118":4,"119":2,"120":4,"121":4,"122":4,"123":4,"124":8,"125":4,"126":2,"127":4,"128":4,"129":3,"130":1,"131":1,"132":1,"133":1,"134":1,"135":1,"136":1,"137":1,"138":1,"139":1,"140":1,"141":1,"142":1,"143":1,"144":1,"145":0,"146":1,"147":1,"148":1,"149":3,"150":3,"151":3,"152":3,"153":1,"154":1,"155":2,"156":2,"157":2,"158":2,"159":2,"160":2,"161":2,"162":2,"163":2,"164":2,"165":2,"166":2,"167":1,"168":1,"169":1,"170":1,"171":19,"172":1,"173":1,"174":1,"175":1,"176":1,"177":1,"178":1,"179":1,"180":1,"181":1,"182":19,"183":18,"184":1,"185":1,"186":1,"187":2,"188":2,"189":2,"190":2,"191":2,"192":2,"193":2,"194":2,"195":2,"196":2,"197":38,"198":1,"199":1,"200":2,"201":1,"202":1,"203":1,"204":2,"205":2,"206":2,"207":2,"208":2,"209":2,"210":2,"211":2,"212":2,"213":38,"214":1,"215":1,"216":1,"217":1,"218":1,"219":1,"220":2,"221":1,"222":1,"223":1,"224":1,"225":1,"226":1,"227":1,"228":1,"229":1,"230":1,"231":19,"232":1,"233":1,"234":1,"235":0,"236":1,"237":0,"238":1,"239":1,"240":1,"241":2},"f":{"0":4,"1":3,"2":1,"3":2,"4":4,"5":8,"6":4,"7":8,"8":1,"9":1,"10":1,"11":3,"12":2,"13":19,"14":1,"15":19,"16":2,"17":38,"18":2,"19":38,"20":1,"21":1,"22":19,"23":1},"b":{"0":[1,3],"1":[1,3],"2":[1,3],"3":[1,2],"4":[1,1],"5":[1,2],"6":[1,2],"7":[1,2],"8":[2,1],"9":[1,2],"10":[1,2],"11":[1,2],"12":[0,2],"13":[1,1],"14":[1,1],"15":[1,1],"16":[1,1],"17":[1,1],"18":[1,1],"19":[1,1],"20":[2,2],"21":[4,2],"22":[2,2],"23":[4,2],"24":[3,1],"25":[2,2],"26":[4,2],"27":[2,2],"28":[4,2],"29":[3,1],"30":[1,0],"31":[0,1],"32":[1,2],"33":[3,2],"34":[1,1],"35":[2,1],"36":[1,18],"37":[18,1],"38":[1,37],"39":[1,1],"40":[1,37],"41":[1,0],"42":[1,1],"43":[1,18],"44":[0,1],"45":[0,1]},"_coverageSchema":"1a1c01bbd47fc00a2c39e90264f33305004495a9","hash":"726ee9b899c40bef0a5ffcd10f0abeab688f94c6"}
,"/home/blackmagician/Documents/final/SquidChat-Server/helpers/bcrypt.js": {"path":"/home/blackmagician/Documents/final/SquidChat-Server/helpers/bcrypt.js","statementMap":{"0":{"start":{"line":1,"column":15},"end":{"line":1,"column":32}},"1":{"start":{"line":4,"column":1},"end":{"line":4,"column":38}},"2":{"start":{"line":8,"column":1},"end":{"line":8,"column":53}},"3":{"start":{"line":11,"column":0},"end":{"line":14,"column":1}}},"fnMap":{"0":{"name":"hashPassword","decl":{"start":{"line":3,"column":9},"end":{"line":3,"column":21}},"loc":{"start":{"line":3,"column":32},"end":{"line":5,"column":1}},"line":3},"1":{"name":"comparePassword","decl":{"start":{"line":7,"column":9},"end":{"line":7,"column":24}},"loc":{"start":{"line":7,"column":51},"end":{"line":9,"column":1}},"line":7}},"branchMap":{},"s":{"0":2,"1":9,"2":9,"3":2},"f":{"0":9,"1":9},"b":{},"_coverageSchema":"1a1c01bbd47fc00a2c39e90264f33305004495a9","hash":"d515e5a707e8635baf6ec4da000b4e77d559bcf8"}
,"/home/blackmagician/Documents/final/SquidChat-Server/helpers/index.js": {"path":"/home/blackmagician/Documents/final/SquidChat-Server/helpers/index.js","statementMap":{"0":{"start":{"line":1,"column":35},"end":{"line":1,"column":51}},"1":{"start":{"line":2,"column":42},"end":{"line":2,"column":61}},"2":{"start":{"line":3,"column":22},"end":{"line":3,"column":39}},"3":{"start":{"line":5,"column":0},"end":{"line":11,"column":1}}},"fnMap":{},"branchMap":{},"s":{"0":2,"1":2,"2":2,"3":2},"f":{},"b":{},"_coverageSchema":"1a1c01bbd47fc00a2c39e90264f33305004495a9","hash":"d072ec1744a52ab32598a116caa46e30a1fb73ae"}
,"/home/blackmagician/Documents/final/SquidChat-Server/helpers/jwt.js": {"path":"/home/blackmagician/Documents/final/SquidChat-Server/helpers/jwt.js","statementMap":{"0":{"start":{"line":1,"column":12},"end":{"line":1,"column":35}},"1":{"start":{"line":4,"column":18},"end":{"line":4,"column":39}},"2":{"start":{"line":5,"column":1},"end":{"line":5,"column":32}},"3":{"start":{"line":9,"column":18},"end":{"line":9,"column":39}},"4":{"start":{"line":10,"column":1},"end":{"line":10,"column":36}},"5":{"start":{"line":13,"column":0},"end":{"line":16,"column":1}}},"fnMap":{"0":{"name":"signToken","decl":{"start":{"line":3,"column":9},"end":{"line":3,"column":18}},"loc":{"start":{"line":3,"column":24},"end":{"line":6,"column":1}},"line":3},"1":{"name":"verifyToken","decl":{"start":{"line":8,"column":9},"end":{"line":8,"column":20}},"loc":{"start":{"line":8,"column":28},"end":{"line":11,"column":1}},"line":8}},"branchMap":{},"s":{"0":2,"1":2,"2":2,"3":37,"4":37,"5":2},"f":{"0":2,"1":37},"b":{},"_coverageSchema":"1a1c01bbd47fc00a2c39e90264f33305004495a9","hash":"cdc427314da632ef54368d002ee6fb649796fff1"}
,"/home/blackmagician/Documents/final/SquidChat-Server/helpers/slug.js": {"path":"/home/blackmagician/Documents/final/SquidChat-Server/helpers/slug.js","statementMap":{"0":{"start":{"line":1,"column":16},"end":{"line":1,"column":34}},"1":{"start":{"line":4,"column":4},"end":{"line":4,"column":29}},"2":{"start":{"line":7,"column":0},"end":{"line":7,"column":31}}},"fnMap":{"0":{"name":"slugGenerator","decl":{"start":{"line":3,"column":9},"end":{"line":3,"column":22}},"loc":{"start":{"line":3,"column":28},"end":{"line":5,"column":1}},"line":3}},"branchMap":{},"s":{"0":2,"1":5,"2":2},"f":{"0":5},"b":{},"_coverageSchema":"1a1c01bbd47fc00a2c39e90264f33305004495a9","hash":"19c6127d951a8f7a6382e77262d8dc08f546a084"}
,"/home/blackmagician/Documents/final/SquidChat-Server/middlewares/auth.js": {"path":"/home/blackmagician/Documents/final/SquidChat-Server/middlewares/auth.js","statementMap":{"0":{"start":{"line":1,"column":24},"end":{"line":1,"column":45}},"1":{"start":{"line":2,"column":39},"end":{"line":2,"column":59}},"2":{"start":{"line":5,"column":1},"end":{"line":33,"column":2}},"3":{"start":{"line":6,"column":16},"end":{"line":6,"column":33}},"4":{"start":{"line":7,"column":17},"end":{"line":7,"column":35}},"5":{"start":{"line":8,"column":2},"end":{"line":27,"column":3}},"6":{"start":{"line":9,"column":3},"end":{"line":12,"column":6}},"7":{"start":{"line":14,"column":22},"end":{"line":14,"column":42}},"8":{"start":{"line":15,"column":16},"end":{"line":15,"column":27}},"9":{"start":{"line":17,"column":3},"end":{"line":17,"column":55}},"10":{"start":{"line":18,"column":3},"end":{"line":26,"column":4}},"11":{"start":{"line":19,"column":4},"end":{"line":22,"column":7}},"12":{"start":{"line":24,"column":4},"end":{"line":24,"column":38}},"13":{"start":{"line":25,"column":4},"end":{"line":25,"column":11}},"14":{"start":{"line":29,"column":2},"end":{"line":32,"column":5}},"15":{"start":{"line":37,"column":1},"end":{"line":65,"column":2}},"16":{"start":{"line":38,"column":16},"end":{"line":38,"column":33}},"17":{"start":{"line":39,"column":17},"end":{"line":39,"column":35}},"18":{"start":{"line":40,"column":2},"end":{"line":59,"column":3}},"19":{"start":{"line":41,"column":3},"end":{"line":44,"column":6}},"20":{"start":{"line":46,"column":22},"end":{"line":46,"column":44}},"21":{"start":{"line":47,"column":16},"end":{"line":47,"column":27}},"22":{"start":{"line":49,"column":3},"end":{"line":49,"column":57}},"23":{"start":{"line":50,"column":3},"end":{"line":58,"column":4}},"24":{"start":{"line":51,"column":4},"end":{"line":54,"column":7}},"25":{"start":{"line":56,"column":4},"end":{"line":56,"column":40}},"26":{"start":{"line":57,"column":4},"end":{"line":57,"column":11}},"27":{"start":{"line":61,"column":2},"end":{"line":64,"column":5}},"28":{"start":{"line":106,"column":0},"end":{"line":110,"column":1}}},"fnMap":{"0":{"name":"AuthenticationSeller","decl":{"start":{"line":4,"column":15},"end":{"line":4,"column":35}},"loc":{"start":{"line":4,"column":52},"end":{"line":34,"column":1}},"line":4},"1":{"name":"AuthenticationCustomer","decl":{"start":{"line":36,"column":15},"end":{"line":36,"column":37}},"loc":{"start":{"line":36,"column":54},"end":{"line":66,"column":1}},"line":36}},"branchMap":{"0":{"loc":{"start":{"line":8,"column":2},"end":{"line":27,"column":3}},"type":"if","locations":[{"start":{"line":8,"column":2},"end":{"line":27,"column":3}},{"start":{"line":8,"column":2},"end":{"line":27,"column":3}}],"line":8},"1":{"loc":{"start":{"line":18,"column":3},"end":{"line":26,"column":4}},"type":"if","locations":[{"start":{"line":18,"column":3},"end":{"line":26,"column":4}},{"start":{"line":18,"column":3},"end":{"line":26,"column":4}}],"line":18},"2":{"loc":{"start":{"line":40,"column":2},"end":{"line":59,"column":3}},"type":"if","locations":[{"start":{"line":40,"column":2},"end":{"line":59,"column":3}},{"start":{"line":40,"column":2},"end":{"line":59,"column":3}}],"line":40},"3":{"loc":{"start":{"line":50,"column":3},"end":{"line":58,"column":4}},"type":"if","locations":[{"start":{"line":50,"column":3},"end":{"line":58,"column":4}},{"start":{"line":50,"column":3},"end":{"line":58,"column":4}}],"line":50}},"s":{"0":2,"1":2,"2":29,"3":29,"4":29,"5":28,"6":0,"7":28,"8":28,"9":28,"10":28,"11":5,"12":23,"13":23,"14":1,"15":6,"16":6,"17":6,"18":5,"19":0,"20":5,"21":5,"22":5,"23":5,"24":2,"25":3,"26":3,"27":1,"28":2},"f":{"0":29,"1":6},"b":{"0":[0,28],"1":[5,23],"2":[0,5],"3":[2,3]},"_coverageSchema":"1a1c01bbd47fc00a2c39e90264f33305004495a9","hash":"ed440340d3617da106430ff79c5ceafa110cece8"}
,"/home/blackmagician/Documents/final/SquidChat-Server/middlewares/index.js": {"path":"/home/blackmagician/Documents/final/SquidChat-Server/middlewares/index.js","statementMap":{"0":{"start":{"line":1,"column":16},"end":{"line":1,"column":36}},"1":{"start":{"line":6,"column":4},"end":{"line":6,"column":21}},"2":{"start":{"line":8,"column":0},"end":{"line":13,"column":1}}},"fnMap":{},"branchMap":{},"s":{"0":2,"1":2,"2":2},"f":{},"b":{},"_coverageSchema":"1a1c01bbd47fc00a2c39e90264f33305004495a9","hash":"a9348a7ea63c776066f3304e913724beda44d13f"}
,"/home/blackmagician/Documents/final/SquidChat-Server/models/index.js": {"path":"/home/blackmagician/Documents/final/SquidChat-Server/models/index.js","statementMap":{"0":{"start":{"line":1,"column":20},"end":{"line":1,"column":39}},"1":{"start":{"line":2,"column":22},"end":{"line":2,"column":43}},"2":{"start":{"line":3,"column":18},"end":{"line":3,"column":35}},"3":{"start":{"line":5,"column":0},"end":{"line":9,"column":1}}},"fnMap":{},"branchMap":{},"s":{"0":2,"1":2,"2":2,"3":2},"f":{},"b":{},"_coverageSchema":"1a1c01bbd47fc00a2c39e90264f33305004495a9","hash":"d0cc02c0ee217ab4fd320326bef266ee092a3d92"}
,"/home/blackmagician/Documents/final/SquidChat-Server/routes/chat.js": {"path":"/home/blackmagician/Documents/final/SquidChat-Server/routes/chat.js","statementMap":{"0":{"start":{"line":1,"column":16},"end":{"line":1,"column":34}},"1":{"start":{"line":2,"column":15},"end":{"line":2,"column":31}},"2":{"start":{"line":3,"column":31},"end":{"line":3,"column":56}},"3":{"start":{"line":4,"column":27},"end":{"line":4,"column":52}},"4":{"start":{"line":10,"column":0},"end":{"line":10,"column":24}}},"fnMap":{},"branchMap":{},"s":{"0":2,"1":2,"2":2,"3":2,"4":2},"f":{},"b":{},"_coverageSchema":"1a1c01bbd47fc00a2c39e90264f33305004495a9","hash":"7d05ad754073ede5e46bb00987b1868ff568496a"}
,"/home/blackmagician/Documents/final/SquidChat-Server/routes/customer.js": {"path":"/home/blackmagician/Documents/final/SquidChat-Server/routes/customer.js","statementMap":{"0":{"start":{"line":1,"column":16},"end":{"line":1,"column":34}},"1":{"start":{"line":2,"column":15},"end":{"line":2,"column":31}},"2":{"start":{"line":3,"column":35},"end":{"line":3,"column":60}},"3":{"start":{"line":4,"column":31},"end":{"line":4,"column":56}},"4":{"start":{"line":6,"column":0},"end":{"line":6,"column":48}},"5":{"start":{"line":7,"column":0},"end":{"line":7,"column":54}},"6":{"start":{"line":9,"column":0},"end":{"line":9,"column":35}},"7":{"start":{"line":10,"column":0},"end":{"line":10,"column":63}},"8":{"start":{"line":11,"column":0},"end":{"line":11,"column":55}},"9":{"start":{"line":16,"column":0},"end":{"line":16,"column":24}}},"fnMap":{},"branchMap":{},"s":{"0":2,"1":2,"2":2,"3":2,"4":2,"5":2,"6":2,"7":2,"8":2,"9":2},"f":{},"b":{},"_coverageSchema":"1a1c01bbd47fc00a2c39e90264f33305004495a9","hash":"7e67ea0a750cf6b57ed484b98d875fbc34dbf0a5"}
,"/home/blackmagician/Documents/final/SquidChat-Server/routes/index.js": {"path":"/home/blackmagician/Documents/final/SquidChat-Server/routes/index.js","statementMap":{"0":{"start":{"line":1,"column":16},"end":{"line":1,"column":34}},"1":{"start":{"line":2,"column":15},"end":{"line":2,"column":31}},"2":{"start":{"line":3,"column":20},"end":{"line":3,"column":45}},"3":{"start":{"line":4,"column":21},"end":{"line":4,"column":40}},"4":{"start":{"line":5,"column":23},"end":{"line":5,"column":44}},"5":{"start":{"line":6,"column":19},"end":{"line":6,"column":36}},"6":{"start":{"line":8,"column":0},"end":{"line":8,"column":20}},"7":{"start":{"line":9,"column":0},"end":{"line":9,"column":37}},"8":{"start":{"line":10,"column":0},"end":{"line":10,"column":41}},"9":{"start":{"line":11,"column":0},"end":{"line":11,"column":33}},"10":{"start":{"line":13,"column":0},"end":{"line":13,"column":24}}},"fnMap":{},"branchMap":{},"s":{"0":2,"1":2,"2":2,"3":2,"4":2,"5":2,"6":2,"7":2,"8":2,"9":2,"10":2},"f":{},"b":{},"_coverageSchema":"1a1c01bbd47fc00a2c39e90264f33305004495a9","hash":"6d93b1bd0b93f4ed9b644e3166009919371d5232"}
,"/home/blackmagician/Documents/final/SquidChat-Server/routes/seller.js": {"path":"/home/blackmagician/Documents/final/SquidChat-Server/routes/seller.js","statementMap":{"0":{"start":{"line":1,"column":16},"end":{"line":1,"column":34}},"1":{"start":{"line":2,"column":15},"end":{"line":2,"column":31}},"2":{"start":{"line":3,"column":33},"end":{"line":3,"column":58}},"3":{"start":{"line":4,"column":29},"end":{"line":4,"column":54}},"4":{"start":{"line":6,"column":0},"end":{"line":6,"column":46}},"5":{"start":{"line":7,"column":0},"end":{"line":7,"column":52}},"6":{"start":{"line":9,"column":0},"end":{"line":9,"column":33}},"7":{"start":{"line":10,"column":0},"end":{"line":10,"column":53}},"8":{"start":{"line":11,"column":0},"end":{"line":11,"column":61}},"9":{"start":{"line":15,"column":0},"end":{"line":15,"column":63}},"10":{"start":{"line":16,"column":0},"end":{"line":16,"column":67}},"11":{"start":{"line":17,"column":0},"end":{"line":17,"column":69}},"12":{"start":{"line":19,"column":0},"end":{"line":19,"column":69}},"13":{"start":{"line":20,"column":0},"end":{"line":20,"column":73}},"14":{"start":{"line":21,"column":0},"end":{"line":21,"column":75}},"15":{"start":{"line":23,"column":0},"end":{"line":23,"column":74}},"16":{"start":{"line":24,"column":0},"end":{"line":24,"column":84}},"17":{"start":{"line":25,"column":0},"end":{"line":25,"column":86}},"18":{"start":{"line":27,"column":0},"end":{"line":27,"column":24}}},"fnMap":{},"branchMap":{},"s":{"0":2,"1":2,"2":2,"3":2,"4":2,"5":2,"6":2,"7":2,"8":2,"9":2,"10":2,"11":2,"12":2,"13":2,"14":2,"15":2,"16":2,"17":2,"18":2},"f":{},"b":{},"_coverageSchema":"1a1c01bbd47fc00a2c39e90264f33305004495a9","hash":"6ecd9ea18ac030f825a405ac72ef87d66494c172"}
}
