TN:
SF:app.js
FN:16,(anonymous_0)
FNF:1
FNH:1
FNDA:48,(anonymous_0)
DA:1,2
DA:4,2
DA:5,2
DA:6,2
DA:7,2
DA:8,2
DA:9,2
DA:10,2
DA:12,2
DA:13,2
DA:14,2
DA:16,2
DA:17,48
DA:18,48
DA:21,2
DA:27,2
LF:16
LH:16
BRF:0
BRH:0
end_of_record
TN:
SF:config/index.js
FNF:0
FNH:0
DA:1,2
DA:3,2
DA:4,2
DA:5,2
DA:13,2
LF:5
LH:5
BRF:0
BRH:0
end_of_record
TN:
SF:controllers/customer.js
FN:5,(anonymous_0)
FN:40,(anonymous_1)
FN:93,(anonymous_2)
FN:140,(anonymous_3)
FNF:4
FNH:4
FNDA:4,(anonymous_0)
FNDA:2,(anonymous_1)
FNDA:2,(anonymous_2)
FNDA:1,(anonymous_3)
DA:1,2
DA:2,2
DA:6,4
DA:7,4
DA:8,4
DA:9,1
DA:11,4
DA:12,4
DA:13,1
DA:15,4
DA:16,4
DA:17,1
DA:19,3
DA:20,3
DA:21,1
DA:23,2
DA:24,1
DA:26,1
DA:27,1
DA:28,1
DA:41,2
DA:42,2
DA:43,2
DA:44,1
DA:46,2
DA:47,2
DA:48,1
DA:50,2
DA:51,2
DA:52,1
DA:54,2
DA:56,2
DA:57,1
DA:59,1
DA:61,2
DA:62,2
DA:63,2
DA:64,2
DA:65,2
DA:73,2
DA:74,1
DA:76,1
DA:77,1
DA:78,0
DA:83,1
DA:94,2
DA:95,2
DA:96,2
DA:97,2
DA:98,1
DA:100,2
DA:101,2
DA:102,1
DA:104,2
DA:105,2
DA:106,1
DA:108,2
DA:110,2
DA:111,1
DA:113,1
DA:115,2
DA:116,1
DA:118,1
DA:126,1
DA:127,1
DA:128,1
DA:129,1
DA:130,1
DA:131,1
DA:141,1
DA:142,1
DA:143,1
DA:144,1
DA:152,1
DA:153,1
DA:253,2
LF:76
LH:75
BRDA:8,0,0,1
BRDA:8,0,1,3
BRDA:12,1,0,1
BRDA:12,1,1,3
BRDA:16,2,0,1
BRDA:16,2,1,3
BRDA:20,3,0,1
BRDA:20,3,1,2
BRDA:23,4,0,1
BRDA:23,4,1,1
BRDA:43,5,0,1
BRDA:43,5,1,1
BRDA:47,6,0,1
BRDA:47,6,1,1
BRDA:51,7,0,1
BRDA:51,7,1,1
BRDA:56,8,0,1
BRDA:56,8,1,1
BRDA:73,9,0,1
BRDA:73,9,1,1
BRDA:77,10,0,0
BRDA:77,10,1,1
BRDA:97,11,0,1
BRDA:97,11,1,1
BRDA:101,12,0,1
BRDA:101,12,1,1
BRDA:105,13,0,1
BRDA:105,13,1,1
BRDA:110,14,0,1
BRDA:110,14,1,1
BRDA:115,15,0,1
BRDA:115,15,1,1
BRF:32
BRH:31
end_of_record
TN:
SF:controllers/index.js
FNF:0
FNH:0
DA:1,2
DA:2,2
DA:3,2
DA:5,2
LF:4
LH:4
BRF:0
BRH:0
end_of_record
TN:
SF:controllers/seller.js
FN:13,(anonymous_0)
FN:48,(anonymous_1)
FN:115,(anonymous_2)
FN:134,(anonymous_3)
FN:258,(anonymous_4)
FN:269,(anonymous_5)
FN:313,(anonymous_6)
FN:324,(anonymous_7)
FN:345,(anonymous_8)
FN:367,(anonymous_9)
FN:380,(anonymous_10)
FN:392,(anonymous_11)
FN:431,(anonymous_12)
FN:451,(anonymous_13)
FN:467,(anonymous_14)
FN:480,(anonymous_15)
FN:492,(anonymous_16)
FN:513,(anonymous_17)
FN:535,(anonymous_18)
FN:552,(anonymous_19)
FN:554,(anonymous_20)
FN:580,(anonymous_21)
FN:595,(anonymous_22)
FN:598,(anonymous_23)
FNF:24
FNH:24
FNDA:4,(anonymous_0)
FNDA:3,(anonymous_1)
FNDA:1,(anonymous_2)
FNDA:2,(anonymous_3)
FNDA:4,(anonymous_4)
FNDA:8,(anonymous_5)
FNDA:4,(anonymous_6)
FNDA:8,(anonymous_7)
FNDA:1,(anonymous_8)
FNDA:1,(anonymous_9)
FNDA:1,(anonymous_10)
FNDA:3,(anonymous_11)
FNDA:2,(anonymous_12)
FNDA:19,(anonymous_13)
FNDA:1,(anonymous_14)
FNDA:19,(anonymous_15)
FNDA:2,(anonymous_16)
FNDA:38,(anonymous_17)
FNDA:2,(anonymous_18)
FNDA:38,(anonymous_19)
FNDA:1,(anonymous_20)
FNDA:1,(anonymous_21)
FNDA:19,(anonymous_22)
FNDA:1,(anonymous_23)
DA:1,2
DA:7,2
DA:8,2
DA:9,2
DA:10,2
DA:14,4
DA:15,4
DA:16,4
DA:17,1
DA:19,4
DA:20,4
DA:21,1
DA:23,4
DA:24,4
DA:25,1
DA:27,3
DA:28,3
DA:29,1
DA:31,2
DA:32,1
DA:34,1
DA:35,1
DA:36,1
DA:49,3
DA:50,3
DA:51,3
DA:52,1
DA:54,3
DA:55,3
DA:56,1
DA:58,3
DA:59,3
DA:60,1
DA:62,3
DA:64,3
DA:65,2
DA:67,1
DA:69,3
DA:70,1
DA:72,3
DA:73,3
DA:74,1
DA:76,3
DA:77,3
DA:78,3
DA:79,3
DA:80,3
DA:81,3
DA:82,3
DA:83,3
DA:95,3
DA:96,1
DA:98,2
DA:99,2
DA:100,0
DA:105,2
DA:116,1
DA:117,1
DA:118,1
DA:126,1
DA:135,2
DA:136,2
DA:137,2
DA:138,2
DA:139,1
DA:141,2
DA:142,2
DA:143,1
DA:145,2
DA:146,2
DA:147,1
DA:149,2
DA:151,2
DA:152,1
DA:154,1
DA:156,2
DA:157,1
DA:159,2
DA:160,2
DA:161,1
DA:163,2
DA:164,2
DA:165,1
DA:167,1
DA:175,1
DA:176,1
DA:177,1
DA:178,1
DA:179,1
DA:180,1
DA:181,1
DA:182,1
DA:259,4
DA:260,4
DA:261,4
DA:262,4
DA:263,4
DA:264,2
DA:266,4
DA:267,4
DA:268,4
DA:269,4
DA:270,8
DA:272,4
DA:273,2
DA:275,4
DA:276,4
DA:277,4
DA:280,4
DA:281,3
DA:287,1
DA:295,1
DA:296,1
DA:297,1
DA:314,4
DA:315,4
DA:316,4
DA:317,4
DA:318,4
DA:319,2
DA:321,4
DA:322,4
DA:323,4
DA:324,4
DA:325,8
DA:327,4
DA:328,2
DA:330,4
DA:331,4
DA:332,3
DA:337,1
DA:345,1
DA:346,1
DA:347,1
DA:348,1
DA:349,1
DA:352,1
DA:353,1
DA:368,1
DA:369,1
DA:370,1
DA:371,1
DA:379,1
DA:380,1
DA:381,1
DA:382,0
DA:385,1
DA:386,1
DA:387,1
DA:393,3
DA:394,3
DA:395,3
DA:396,3
DA:397,1
DA:398,1
DA:403,2
DA:404,2
DA:405,2
DA:406,2
DA:412,2
DA:420,2
DA:421,2
DA:422,2
DA:432,2
DA:433,2
DA:434,2
DA:435,2
DA:436,1
DA:441,1
DA:442,1
DA:451,1
DA:452,19
DA:453,1
DA:454,1
DA:457,1
DA:458,1
DA:468,1
DA:469,1
DA:470,1
DA:471,1
DA:479,1
DA:480,1
DA:481,19
DA:482,18
DA:485,1
DA:486,1
DA:487,1
DA:493,2
DA:494,2
DA:495,2
DA:496,2
DA:497,2
DA:498,2
DA:499,2
DA:504,2
DA:512,2
DA:513,2
DA:514,38
DA:515,1
DA:516,1
DA:519,2
DA:520,1
DA:525,1
DA:526,1
DA:536,2
DA:537,2
DA:538,2
DA:539,2
DA:540,2
DA:541,2
DA:542,2
DA:550,2
DA:552,2
DA:553,38
DA:554,1
DA:555,1
DA:556,1
DA:557,1
DA:558,1
DA:559,1
DA:564,2
DA:565,1
DA:570,1
DA:571,1
DA:581,1
DA:582,1
DA:583,1
DA:584,1
DA:585,1
DA:593,1
DA:595,1
DA:596,19
DA:597,1
DA:598,1
DA:599,1
DA:600,0
DA:605,1
DA:606,0
DA:611,1
DA:612,1
DA:613,1
DA:621,2
LF:242
LH:238
BRDA:16,0,0,1
BRDA:16,0,1,3
BRDA:20,1,0,1
BRDA:20,1,1,3
BRDA:24,2,0,1
BRDA:24,2,1,3
BRDA:28,3,0,1
BRDA:28,3,1,2
BRDA:31,4,0,1
BRDA:31,4,1,1
BRDA:51,5,0,1
BRDA:51,5,1,2
BRDA:55,6,0,1
BRDA:55,6,1,2
BRDA:59,7,0,1
BRDA:59,7,1,2
BRDA:64,8,0,2
BRDA:64,8,1,1
BRDA:69,9,0,1
BRDA:69,9,1,2
BRDA:73,10,0,1
BRDA:73,10,1,2
BRDA:95,11,0,1
BRDA:95,11,1,2
BRDA:99,12,0,0
BRDA:99,12,1,2
BRDA:138,13,0,1
BRDA:138,13,1,1
BRDA:142,14,0,1
BRDA:142,14,1,1
BRDA:146,15,0,1
BRDA:146,15,1,1
BRDA:151,16,0,1
BRDA:151,16,1,1
BRDA:156,17,0,1
BRDA:156,17,1,1
BRDA:160,18,0,1
BRDA:160,18,1,1
BRDA:164,19,0,1
BRDA:164,19,1,1
BRDA:263,20,0,2
BRDA:263,20,1,2
BRDA:263,21,0,4
BRDA:263,21,1,2
BRDA:272,22,0,2
BRDA:272,22,1,2
BRDA:272,23,0,4
BRDA:272,23,1,2
BRDA:280,24,0,3
BRDA:280,24,1,1
BRDA:318,25,0,2
BRDA:318,25,1,2
BRDA:318,26,0,4
BRDA:318,26,1,2
BRDA:327,27,0,2
BRDA:327,27,1,2
BRDA:327,28,0,4
BRDA:327,28,1,2
BRDA:331,29,0,3
BRDA:331,29,1,1
BRDA:346,30,0,1
BRDA:346,30,1,0
BRDA:381,31,0,0
BRDA:381,31,1,1
BRDA:396,32,0,1
BRDA:396,32,1,2
BRDA:396,33,0,3
BRDA:396,33,1,2
BRDA:435,34,0,1
BRDA:435,34,1,1
BRDA:435,35,0,2
BRDA:435,35,1,1
BRDA:452,36,0,1
BRDA:452,36,1,18
BRDA:481,37,0,18
BRDA:481,37,1,1
BRDA:514,38,0,1
BRDA:514,38,1,37
BRDA:519,39,0,1
BRDA:519,39,1,1
BRDA:553,40,0,1
BRDA:553,40,1,37
BRDA:555,41,0,1
BRDA:555,41,1,0
BRDA:564,42,0,1
BRDA:564,42,1,1
BRDA:596,43,0,1
BRDA:596,43,1,18
BRDA:599,44,0,0
BRDA:599,44,1,1
BRDA:605,45,0,0
BRDA:605,45,1,1
BRF:92
BRH:86
end_of_record
TN:
SF:helpers/bcrypt.js
FN:3,hashPassword
FN:7,comparePassword
FNF:2
FNH:2
FNDA:9,hashPassword
FNDA:9,comparePassword
DA:1,2
DA:4,9
DA:8,9
DA:11,2
LF:4
LH:4
BRF:0
BRH:0
end_of_record
TN:
SF:helpers/index.js
FNF:0
FNH:0
DA:1,2
DA:2,2
DA:3,2
DA:5,2
LF:4
LH:4
BRF:0
BRH:0
end_of_record
TN:
SF:helpers/jwt.js
FN:3,signToken
FN:8,verifyToken
FNF:2
FNH:2
FNDA:2,signToken
FNDA:37,verifyToken
DA:1,2
DA:4,2
DA:5,2
DA:9,37
DA:10,37
DA:13,2
LF:6
LH:6
BRF:0
BRH:0
end_of_record
TN:
SF:helpers/slug.js
FN:3,slugGenerator
FNF:1
FNH:1
FNDA:5,slugGenerator
DA:1,2
DA:4,5
DA:7,2
LF:3
LH:3
BRF:0
BRH:0
end_of_record
TN:
SF:middlewares/auth.js
FN:4,AuthenticationSeller
FN:36,AuthenticationCustomer
FNF:2
FNH:2
FNDA:29,AuthenticationSeller
FNDA:6,AuthenticationCustomer
DA:1,2
DA:2,2
DA:5,29
DA:6,29
DA:7,29
DA:8,28
DA:9,0
DA:14,28
DA:15,28
DA:17,28
DA:18,28
DA:19,5
DA:24,23
DA:25,23
DA:29,1
DA:37,6
DA:38,6
DA:39,6
DA:40,5
DA:41,0
DA:46,5
DA:47,5
DA:49,5
DA:50,5
DA:51,2
DA:56,3
DA:57,3
DA:61,1
DA:106,2
LF:29
LH:27
BRDA:8,0,0,0
BRDA:8,0,1,28
BRDA:18,1,0,5
BRDA:18,1,1,23
BRDA:40,2,0,0
BRDA:40,2,1,5
BRDA:50,3,0,2
BRDA:50,3,1,3
BRF:8
BRH:6
end_of_record
TN:
SF:middlewares/index.js
FNF:0
FNH:0
DA:1,2
DA:6,2
DA:8,2
LF:3
LH:3
BRF:0
BRH:0
end_of_record
TN:
SF:models/index.js
FNF:0
FNH:0
DA:1,2
DA:2,2
DA:3,2
DA:5,2
LF:4
LH:4
BRF:0
BRH:0
end_of_record
TN:
SF:routes/chat.js
FNF:0
FNH:0
DA:1,2
DA:2,2
DA:3,2
DA:4,2
DA:10,2
LF:5
LH:5
BRF:0
BRH:0
end_of_record
TN:
SF:routes/customer.js
FNF:0
FNH:0
DA:1,2
DA:2,2
DA:3,2
DA:4,2
DA:6,2
DA:7,2
DA:9,2
DA:10,2
DA:11,2
DA:16,2
LF:10
LH:10
BRF:0
BRH:0
end_of_record
TN:
SF:routes/index.js
FNF:0
FNH:0
DA:1,2
DA:2,2
DA:3,2
DA:4,2
DA:5,2
DA:6,2
DA:8,2
DA:9,2
DA:10,2
DA:11,2
DA:13,2
LF:11
LH:11
BRF:0
BRH:0
end_of_record
TN:
SF:routes/seller.js
FNF:0
FNH:0
DA:1,2
DA:2,2
DA:3,2
DA:4,2
DA:6,2
DA:7,2
DA:9,2
DA:10,2
DA:11,2
DA:15,2
DA:16,2
DA:17,2
DA:19,2
DA:20,2
DA:21,2
DA:23,2
DA:24,2
DA:25,2
DA:27,2
LF:19
LH:19
BRF:0
BRH:0
end_of_record
