TN:
SF:app.js
FN:16,(anonymous_0)
FNF:1
FNH:1
FNDA:12,(anonymous_0)
DA:1,1
DA:4,1
DA:5,1
DA:6,1
DA:7,1
DA:8,1
DA:9,1
DA:10,1
DA:12,1
DA:13,1
DA:14,1
DA:16,1
DA:17,12
DA:18,12
DA:21,1
DA:27,1
LF:16
LH:16
BRF:0
BRH:0
end_of_record
TN:
SF:config/index.js
FNF:0
FNH:0
DA:1,1
DA:3,1
DA:4,1
DA:5,1
DA:13,1
LF:5
LH:5
BRF:0
BRH:0
end_of_record
TN:
SF:controllers/chat.js
FN:7,(anonymous_0)
FN:26,(anonymous_1)
FN:51,(anonymous_2)
FN:58,(anonymous_3)
FN:60,(anonymous_4)
FN:61,(anonymous_5)
FNF:6
FNH:0
FNDA:0,(anonymous_0)
FNDA:0,(anonymous_1)
FNDA:0,(anonymous_2)
FNDA:0,(anonymous_3)
FNDA:0,(anonymous_4)
FNDA:0,(anonymous_5)
DA:1,1
DA:2,1
DA:3,1
DA:4,1
DA:8,0
DA:9,0
DA:10,0
DA:11,0
DA:12,0
DA:17,0
DA:27,0
DA:28,0
DA:29,0
DA:30,0
DA:31,0
DA:32,0
DA:33,0
DA:34,0
DA:37,0
DA:38,0
DA:43,0
DA:44,0
DA:49,0
DA:50,0
DA:51,0
DA:52,0
DA:54,0
DA:55,0
DA:56,0
DA:57,0
DA:58,0
DA:59,0
DA:60,0
DA:61,0
DA:62,0
DA:63,0
DA:67,0
DA:68,0
DA:69,0
DA:70,0
DA:74,0
DA:75,0
DA:82,0
DA:83,0
DA:84,0
DA:86,0
DA:87,0
DA:97,1
LF:48
LH:5
BRDA:11,0,0,0
BRDA:11,0,1,0
BRDA:37,1,0,0
BRDA:37,1,1,0
BRDA:43,2,0,0
BRDA:43,2,1,0
BRDA:62,3,0,0
BRDA:62,3,1,0
BRDA:67,4,0,0
BRDA:67,4,1,0
BRDA:68,5,0,0
BRDA:68,5,1,0
BRDA:74,6,0,0
BRDA:74,6,1,0
BRDA:83,7,0,0
BRDA:83,7,1,0
BRF:16
BRH:0
end_of_record
TN:
SF:controllers/customer.js
FN:5,(anonymous_0)
FN:40,(anonymous_1)
FN:93,(anonymous_2)
FN:140,(anonymous_3)
FN:162,(anonymous_4)
FN:215,(anonymous_5)
FN:229,(anonymous_6)
FNF:7
FNH:5
FNDA:4,(anonymous_0)
FNDA:2,(anonymous_1)
FNDA:2,(anonymous_2)
FNDA:1,(anonymous_3)
FNDA:1,(anonymous_4)
FNDA:0,(anonymous_5)
FNDA:0,(anonymous_6)
DA:1,1
DA:2,1
DA:6,4
DA:7,4
DA:8,4
DA:9,1
DA:11,4
DA:12,4
DA:13,1
DA:15,4
DA:16,4
DA:17,1
DA:19,3
DA:20,3
DA:21,1
DA:23,2
DA:24,1
DA:26,1
DA:27,1
DA:28,1
DA:41,2
DA:42,2
DA:43,2
DA:44,1
DA:46,2
DA:47,2
DA:48,1
DA:50,2
DA:51,2
DA:52,1
DA:54,2
DA:56,2
DA:57,1
DA:59,1
DA:61,2
DA:62,2
DA:63,2
DA:64,2
DA:65,2
DA:73,2
DA:74,1
DA:76,1
DA:77,1
DA:78,0
DA:83,1
DA:94,2
DA:95,2
DA:96,2
DA:97,2
DA:98,1
DA:100,2
DA:101,2
DA:102,1
DA:104,2
DA:105,2
DA:106,1
DA:108,2
DA:110,2
DA:111,1
DA:113,1
DA:115,2
DA:116,1
DA:118,1
DA:119,1
DA:120,0
DA:125,1
DA:126,1
DA:127,1
DA:128,1
DA:129,1
DA:130,1
DA:141,1
DA:142,1
DA:143,1
DA:144,1
DA:145,1
DA:146,0
DA:151,1
DA:152,1
DA:163,1
DA:164,1
DA:165,1
DA:166,1
DA:167,1
DA:168,1
DA:169,1
DA:170,1
DA:171,1
DA:172,1
DA:173,0
DA:178,1
DA:179,1
DA:186,1
DA:193,1
DA:194,1
DA:196,1
DA:204,1
DA:205,1
DA:206,0
DA:216,0
DA:217,0
DA:218,0
DA:219,0
DA:220,0
DA:221,0
DA:222,0
DA:227,0
DA:228,0
DA:229,0
DA:230,0
DA:231,0
DA:233,0
DA:236,0
DA:237,0
DA:242,0
DA:243,0
DA:244,0
DA:253,1
LF:118
LH:95
BRDA:8,0,0,1
BRDA:8,0,1,3
BRDA:12,1,0,1
BRDA:12,1,1,3
BRDA:16,2,0,1
BRDA:16,2,1,3
BRDA:20,3,0,1
BRDA:20,3,1,2
BRDA:23,4,0,1
BRDA:23,4,1,1
BRDA:43,5,0,1
BRDA:43,5,1,1
BRDA:47,6,0,1
BRDA:47,6,1,1
BRDA:51,7,0,1
BRDA:51,7,1,1
BRDA:56,8,0,1
BRDA:56,8,1,1
BRDA:73,9,0,1
BRDA:73,9,1,1
BRDA:77,10,0,0
BRDA:77,10,1,1
BRDA:97,11,0,1
BRDA:97,11,1,1
BRDA:101,12,0,1
BRDA:101,12,1,1
BRDA:105,13,0,1
BRDA:105,13,1,1
BRDA:110,14,0,1
BRDA:110,14,1,1
BRDA:115,15,0,1
BRDA:115,15,1,1
BRDA:119,16,0,0
BRDA:119,16,1,1
BRDA:145,17,0,0
BRDA:145,17,1,1
BRDA:172,18,0,0
BRDA:172,18,1,1
BRDA:172,19,0,1
BRDA:172,19,1,1
BRDA:221,20,0,0
BRDA:221,20,1,0
BRDA:230,21,0,0
BRDA:230,21,1,0
BRDA:236,22,0,0
BRDA:236,22,1,0
BRF:46
BRH:36
end_of_record
TN:
SF:controllers/index.js
FNF:0
FNH:0
DA:1,1
DA:2,1
DA:3,1
DA:5,1
LF:4
LH:4
BRF:0
BRH:0
end_of_record
TN:
SF:controllers/seller.js
FN:13,(anonymous_0)
FN:48,(anonymous_1)
FN:115,(anonymous_2)
FN:134,(anonymous_3)
FN:191,(anonymous_4)
FN:203,(anonymous_5)
FN:223,(anonymous_6)
FN:236,(anonymous_7)
FN:258,(anonymous_8)
FN:269,(anonymous_9)
FN:312,(anonymous_10)
FN:323,(anonymous_11)
FN:343,(anonymous_12)
FN:366,(anonymous_13)
FN:378,(anonymous_14)
FN:391,(anonymous_15)
FN:429,(anonymous_16)
FN:448,(anonymous_17)
FN:465,(anonymous_18)
FN:477,(anonymous_19)
FN:490,(anonymous_20)
FN:510,(anonymous_21)
FN:533,(anonymous_22)
FN:549,(anonymous_23)
FN:551,(anonymous_24)
FN:578,(anonymous_25)
FN:592,(anonymous_26)
FN:595,(anonymous_27)
FNF:28
FNH:1
FNDA:0,(anonymous_0)
FNDA:1,(anonymous_1)
FNDA:0,(anonymous_2)
FNDA:0,(anonymous_3)
FNDA:0,(anonymous_4)
FNDA:0,(anonymous_5)
FNDA:0,(anonymous_6)
FNDA:0,(anonymous_7)
FNDA:0,(anonymous_8)
FNDA:0,(anonymous_9)
FNDA:0,(anonymous_10)
FNDA:0,(anonymous_11)
FNDA:0,(anonymous_12)
FNDA:0,(anonymous_13)
FNDA:0,(anonymous_14)
FNDA:0,(anonymous_15)
FNDA:0,(anonymous_16)
FNDA:0,(anonymous_17)
FNDA:0,(anonymous_18)
FNDA:0,(anonymous_19)
FNDA:0,(anonymous_20)
FNDA:0,(anonymous_21)
FNDA:0,(anonymous_22)
FNDA:0,(anonymous_23)
FNDA:0,(anonymous_24)
FNDA:0,(anonymous_25)
FNDA:0,(anonymous_26)
FNDA:0,(anonymous_27)
DA:1,1
DA:7,1
DA:8,1
DA:9,1
DA:10,1
DA:14,0
DA:15,0
DA:16,0
DA:17,0
DA:19,0
DA:20,0
DA:21,0
DA:23,0
DA:24,0
DA:25,0
DA:27,0
DA:28,0
DA:29,0
DA:31,0
DA:32,0
DA:34,0
DA:35,0
DA:36,0
DA:49,1
DA:50,1
DA:51,1
DA:52,0
DA:54,1
DA:55,1
DA:56,0
DA:58,1
DA:59,1
DA:60,0
DA:62,1
DA:64,1
DA:65,1
DA:67,0
DA:69,1
DA:70,0
DA:72,1
DA:73,1
DA:74,0
DA:76,1
DA:77,1
DA:78,1
DA:79,1
DA:80,1
DA:81,1
DA:82,1
DA:83,1
DA:95,1
DA:96,0
DA:98,1
DA:99,1
DA:100,0
DA:105,1
DA:116,0
DA:117,0
DA:118,0
DA:119,0
DA:120,0
DA:125,0
DA:135,0
DA:136,0
DA:137,0
DA:138,0
DA:139,0
DA:141,0
DA:142,0
DA:143,0
DA:145,0
DA:146,0
DA:147,0
DA:149,0
DA:151,0
DA:152,0
DA:154,0
DA:156,0
DA:157,0
DA:159,0
DA:160,0
DA:161,0
DA:163,0
DA:164,0
DA:165,0
DA:167,0
DA:168,0
DA:169,0
DA:174,0
DA:175,0
DA:176,0
DA:177,0
DA:178,0
DA:179,0
DA:180,0
DA:181,0
DA:192,0
DA:193,0
DA:194,0
DA:195,0
DA:196,0
DA:197,0
DA:202,0
DA:203,0
DA:204,0
DA:205,0
DA:206,0
DA:209,0
DA:210,0
DA:215,0
DA:216,0
DA:224,0
DA:225,0
DA:226,0
DA:227,0
DA:228,0
DA:229,0
DA:234,0
DA:235,0
DA:236,0
DA:237,0
DA:238,0
DA:240,0
DA:243,0
DA:244,0
DA:249,0
DA:250,0
DA:251,0
DA:259,0
DA:260,0
DA:261,0
DA:262,0
DA:263,0
DA:264,0
DA:266,0
DA:267,0
DA:268,0
DA:269,0
DA:270,0
DA:272,0
DA:273,0
DA:275,0
DA:276,0
DA:277,0
DA:280,0
DA:281,0
DA:286,0
DA:287,0
DA:288,0
DA:293,0
DA:294,0
DA:295,0
DA:313,0
DA:314,0
DA:315,0
DA:316,0
DA:317,0
DA:318,0
DA:320,0
DA:321,0
DA:322,0
DA:323,0
DA:324,0
DA:326,0
DA:327,0
DA:329,0
DA:330,0
DA:331,0
DA:336,0
DA:337,0
DA:338,0
DA:343,0
DA:344,0
DA:345,0
DA:346,0
DA:347,0
DA:350,0
DA:351,0
DA:367,0
DA:368,0
DA:369,0
DA:370,0
DA:371,0
DA:372,0
DA:377,0
DA:378,0
DA:379,0
DA:380,0
DA:383,0
DA:384,0
DA:385,0
DA:392,0
DA:393,0
DA:394,0
DA:395,0
DA:396,0
DA:401,0
DA:402,0
DA:403,0
DA:404,0
DA:410,0
DA:411,0
DA:412,0
DA:417,0
DA:418,0
DA:419,0
DA:430,0
DA:431,0
DA:432,0
DA:433,0
DA:434,0
DA:439,0
DA:440,0
DA:441,0
DA:442,0
DA:448,0
DA:449,0
DA:450,0
DA:451,0
DA:454,0
DA:455,0
DA:466,0
DA:467,0
DA:468,0
DA:469,0
DA:470,0
DA:471,0
DA:476,0
DA:477,0
DA:478,0
DA:479,0
DA:482,0
DA:483,0
DA:484,0
DA:491,0
DA:492,0
DA:493,0
DA:494,0
DA:495,0
DA:496,0
DA:497,0
DA:502,0
DA:503,0
DA:504,0
DA:509,0
DA:510,0
DA:511,0
DA:512,0
DA:513,0
DA:516,0
DA:517,0
DA:522,0
DA:523,0
DA:534,0
DA:535,0
DA:536,0
DA:537,0
DA:538,0
DA:539,0
DA:540,0
DA:541,0
DA:542,0
DA:547,0
DA:549,0
DA:550,0
DA:551,0
DA:552,0
DA:553,0
DA:554,0
DA:555,0
DA:556,0
DA:561,0
DA:562,0
DA:567,0
DA:568,0
DA:579,0
DA:580,0
DA:581,0
DA:582,0
DA:583,0
DA:584,0
DA:585,0
DA:590,0
DA:592,0
DA:593,0
DA:594,0
DA:595,0
DA:596,0
DA:597,0
DA:602,0
DA:603,0
DA:608,0
DA:609,0
DA:610,0
DA:619,1
LF:295
LH:31
BRDA:16,0,0,0
BRDA:16,0,1,0
BRDA:20,1,0,0
BRDA:20,1,1,0
BRDA:24,2,0,0
BRDA:24,2,1,0
BRDA:28,3,0,0
BRDA:28,3,1,0
BRDA:31,4,0,0
BRDA:31,4,1,0
BRDA:51,5,0,0
BRDA:51,5,1,1
BRDA:55,6,0,0
BRDA:55,6,1,1
BRDA:59,7,0,0
BRDA:59,7,1,1
BRDA:64,8,0,1
BRDA:64,8,1,0
BRDA:69,9,0,0
BRDA:69,9,1,1
BRDA:73,10,0,0
BRDA:73,10,1,1
BRDA:95,11,0,0
BRDA:95,11,1,1
BRDA:99,12,0,0
BRDA:99,12,1,1
BRDA:119,13,0,0
BRDA:119,13,1,0
BRDA:138,14,0,0
BRDA:138,14,1,0
BRDA:142,15,0,0
BRDA:142,15,1,0
BRDA:146,16,0,0
BRDA:146,16,1,0
BRDA:151,17,0,0
BRDA:151,17,1,0
BRDA:156,18,0,0
BRDA:156,18,1,0
BRDA:160,19,0,0
BRDA:160,19,1,0
BRDA:164,20,0,0
BRDA:164,20,1,0
BRDA:168,21,0,0
BRDA:168,21,1,0
BRDA:196,22,0,0
BRDA:196,22,1,0
BRDA:204,23,0,0
BRDA:204,23,1,0
BRDA:209,24,0,0
BRDA:209,24,1,0
BRDA:228,25,0,0
BRDA:228,25,1,0
BRDA:237,26,0,0
BRDA:237,26,1,0
BRDA:243,27,0,0
BRDA:243,27,1,0
BRDA:263,28,0,0
BRDA:263,28,1,0
BRDA:263,29,0,0
BRDA:263,29,1,0
BRDA:272,30,0,0
BRDA:272,30,1,0
BRDA:272,31,0,0
BRDA:272,31,1,0
BRDA:280,32,0,0
BRDA:280,32,1,0
BRDA:287,33,0,0
BRDA:287,33,1,0
BRDA:317,34,0,0
BRDA:317,34,1,0
BRDA:317,35,0,0
BRDA:317,35,1,0
BRDA:326,36,0,0
BRDA:326,36,1,0
BRDA:326,37,0,0
BRDA:326,37,1,0
BRDA:330,38,0,0
BRDA:330,38,1,0
BRDA:337,39,0,0
BRDA:337,39,1,0
BRDA:344,40,0,0
BRDA:344,40,1,0
BRDA:371,41,0,0
BRDA:371,41,1,0
BRDA:379,42,0,0
BRDA:379,42,1,0
BRDA:395,43,0,0
BRDA:395,43,1,0
BRDA:395,44,0,0
BRDA:395,44,1,0
BRDA:411,45,0,0
BRDA:411,45,1,0
BRDA:433,46,0,0
BRDA:433,46,1,0
BRDA:433,47,0,0
BRDA:433,47,1,0
BRDA:441,48,0,0
BRDA:441,48,1,0
BRDA:449,49,0,0
BRDA:449,49,1,0
BRDA:470,50,0,0
BRDA:470,50,1,0
BRDA:478,51,0,0
BRDA:478,51,1,0
BRDA:503,52,0,0
BRDA:503,52,1,0
BRDA:511,53,0,0
BRDA:511,53,1,0
BRDA:516,54,0,0
BRDA:516,54,1,0
BRDA:541,55,0,0
BRDA:541,55,1,0
BRDA:550,56,0,0
BRDA:550,56,1,0
BRDA:552,57,0,0
BRDA:552,57,1,0
BRDA:561,58,0,0
BRDA:561,58,1,0
BRDA:584,59,0,0
BRDA:584,59,1,0
BRDA:593,60,0,0
BRDA:593,60,1,0
BRDA:596,61,0,0
BRDA:596,61,1,0
BRDA:602,62,0,0
BRDA:602,62,1,0
BRF:126
BRH:8
end_of_record
TN:
SF:helpers/bcrypt.js
FN:3,hashPassword
FN:7,comparePassword
FNF:2
FNH:2
FNDA:5,hashPassword
FNDA:4,comparePassword
DA:1,1
DA:4,5
DA:8,4
DA:11,1
LF:4
LH:4
BRF:0
BRH:0
end_of_record
TN:
SF:helpers/index.js
FNF:0
FNH:0
DA:1,1
DA:2,1
DA:3,1
DA:5,1
LF:4
LH:4
BRF:0
BRH:0
end_of_record
TN:
SF:helpers/jwt.js
FN:3,signToken
FN:8,verifyToken
FNF:2
FNH:2
FNDA:1,signToken
FNDA:6,verifyToken
DA:1,1
DA:4,1
DA:5,1
DA:9,6
DA:10,6
DA:13,1
LF:6
LH:6
BRF:0
BRH:0
end_of_record
TN:
SF:helpers/slug.js
FN:3,slugGenerator
FNF:1
FNH:1
FNDA:3,slugGenerator
DA:1,1
DA:4,3
DA:7,1
LF:3
LH:3
BRF:0
BRH:0
end_of_record
TN:
SF:middlewares/auth.js
FN:4,AuthenticationSeller
FN:36,AuthenticationCustomer
FN:67,AuthenticationChat
FNF:3
FNH:1
FNDA:0,AuthenticationSeller
FNDA:5,AuthenticationCustomer
FNDA:0,AuthenticationChat
DA:1,1
DA:2,1
DA:5,0
DA:6,0
DA:7,0
DA:8,0
DA:9,0
DA:14,0
DA:15,0
DA:17,0
DA:18,0
DA:19,0
DA:24,0
DA:25,0
DA:29,0
DA:37,5
DA:38,5
DA:39,5
DA:40,4
DA:41,0
DA:46,4
DA:47,4
DA:49,4
DA:50,4
DA:51,0
DA:56,4
DA:57,4
DA:61,1
DA:68,0
DA:69,0
DA:70,0
DA:71,0
DA:72,0
DA:77,0
DA:78,0
DA:79,0
DA:81,0
DA:82,0
DA:83,0
DA:84,0
DA:85,0
DA:90,0
DA:91,0
DA:94,0
DA:95,0
DA:99,0
DA:106,1
LF:47
LH:14
BRDA:8,0,0,0
BRDA:8,0,1,0
BRDA:18,1,0,0
BRDA:18,1,1,0
BRDA:40,2,0,0
BRDA:40,2,1,4
BRDA:50,3,0,0
BRDA:50,3,1,4
BRDA:71,4,0,0
BRDA:71,4,1,0
BRDA:82,5,0,0
BRDA:82,5,1,0
BRDA:84,6,0,0
BRDA:84,6,1,0
BRF:14
BRH:2
end_of_record
TN:
SF:middlewares/connect.js
FN:3,Connect
FN:9,(anonymous_1)
FNF:2
FNH:2
FNDA:12,Connect
FNDA:36,(anonymous_1)
DA:1,1
DA:4,12
DA:5,12
DA:6,12
DA:7,12
DA:8,12
DA:9,12
DA:10,36
DA:15,36
DA:18,12
DA:19,12
DA:20,12
DA:21,12
DA:22,12
DA:24,0
DA:27,0
DA:31,1
LF:17
LH:15
BRDA:10,0,0,36
BRDA:10,0,1,0
BRDA:11,1,0,36
BRDA:11,1,1,24
BRDA:11,1,2,12
BRDA:18,2,0,12
BRDA:18,2,1,0
BRF:7
BRH:5
end_of_record
TN:
SF:middlewares/index.js
FNF:0
FNH:0
DA:1,1
DA:6,1
DA:8,1
LF:3
LH:3
BRF:0
BRH:0
end_of_record
TN:
SF:models/chat.js
FN:2,(anonymous_0)
FN:5,(anonymous_1)
FN:8,(anonymous_2)
FN:11,(anonymous_3)
FN:14,(anonymous_4)
FNF:5
FNH:1
FNDA:0,(anonymous_0)
FNDA:0,(anonymous_1)
FNDA:1,(anonymous_2)
FNDA:0,(anonymous_3)
FNDA:0,(anonymous_4)
DA:3,0
DA:6,0
DA:9,1
DA:12,0
DA:15,0
DA:19,1
LF:6
LH:2
BRF:0
BRH:0
end_of_record
TN:
SF:models/customer.js
FN:2,(anonymous_0)
FN:5,(anonymous_1)
FN:8,(anonymous_2)
FN:11,(anonymous_3)
FN:14,(anonymous_4)
FN:17,(anonymous_5)
FNF:6
FNH:4
FNDA:3,(anonymous_0)
FNDA:0,(anonymous_1)
FNDA:7,(anonymous_2)
FNDA:1,(anonymous_3)
FNDA:2,(anonymous_4)
FNDA:0,(anonymous_5)
DA:3,3
DA:6,0
DA:9,7
DA:12,1
DA:15,2
DA:18,0
DA:22,1
LF:7
LH:5
BRF:0
BRH:0
end_of_record
TN:
SF:models/index.js
FNF:0
FNH:0
DA:1,1
DA:2,1
DA:3,1
DA:5,1
LF:4
LH:4
BRF:0
BRH:0
end_of_record
TN:
SF:models/seller.js
FN:2,(anonymous_0)
FN:5,(anonymous_1)
FN:8,(anonymous_2)
FN:11,(anonymous_3)
FN:14,(anonymous_4)
FN:17,(anonymous_5)
FNF:6
FNH:4
FNDA:0,(anonymous_0)
FNDA:1,(anonymous_1)
FNDA:1,(anonymous_2)
FNDA:1,(anonymous_3)
FNDA:1,(anonymous_4)
FNDA:0,(anonymous_5)
DA:3,0
DA:6,1
DA:9,1
DA:12,1
DA:15,1
DA:18,0
DA:22,1
LF:7
LH:5
BRF:0
BRH:0
end_of_record
TN:
SF:routes/chat.js
FNF:0
FNH:0
DA:1,1
DA:2,1
DA:3,1
DA:4,1
DA:6,1
DA:7,1
DA:8,1
DA:10,1
LF:8
LH:8
BRF:0
BRH:0
end_of_record
TN:
SF:routes/customer.js
FNF:0
FNH:0
DA:1,1
DA:2,1
DA:3,1
DA:4,1
DA:6,1
DA:7,1
DA:9,1
DA:10,1
DA:11,1
DA:13,1
DA:14,1
DA:16,1
LF:12
LH:12
BRF:0
BRH:0
end_of_record
TN:
SF:routes/index.js
FNF:0
FNH:0
DA:1,1
DA:2,1
DA:3,1
DA:4,1
DA:5,1
DA:6,1
DA:8,1
DA:9,1
DA:10,1
DA:11,1
DA:13,1
LF:11
LH:11
BRF:0
BRH:0
end_of_record
TN:
SF:routes/seller.js
FNF:0
FNH:0
DA:1,1
DA:2,1
DA:3,1
DA:4,1
DA:6,1
DA:7,1
DA:9,1
DA:10,1
DA:11,1
DA:13,1
DA:15,1
DA:16,1
DA:17,1
DA:19,1
DA:20,1
DA:21,1
DA:23,1
DA:24,1
DA:25,1
DA:27,1
LF:20
LH:20
BRF:0
BRH:0
end_of_record
